[0.006s] Invoking command in '/home/noahw/programs/machpilot/src/FSMPilot/build/fsm_ros_wrapper': CMAKE_PREFIX_PATH=/opt/ros/humble /usr/bin/cmake --build /home/noahw/programs/machpilot/src/FSMPilot/build/fsm_ros_wrapper -- -j32 -l32
[0.025s] [35m[1mConsolidate compiler generated dependencies of target state_machine_node[0m
[0.040s] [ 10%] [32mBuilding CXX object CMakeFiles/state_machine_node.dir/src/ros_main.cpp.o[0m
[0.040s] [ 20%] [32mBuilding CXX object CMakeFiles/state_machine_node.dir/src/state_machine_node.cpp.o[0m
[1.340s] In file included from [01m[K/opt/ros/humble/include/rclcpp/rclcpp/client.hpp:40[m[K,
[1.340s]                  from [01m[K/opt/ros/humble/include/rclcpp/rclcpp/callback_group.hpp:24[m[K,
[1.340s]                  from [01m[K/opt/ros/humble/include/rclcpp/rclcpp/any_executable.hpp:20[m[K,
[1.340s]                  from [01m[K/opt/ros/humble/include/rclcpp/rclcpp/memory_strategy.hpp:25[m[K,
[1.340s]                  from [01m[K/opt/ros/humble/include/rclcpp/rclcpp/memory_strategies.hpp:18[m[K,
[1.340s]                  from [01m[K/opt/ros/humble/include/rclcpp/rclcpp/executor_options.hpp:20[m[K,
[1.340s]                  from [01m[K/opt/ros/humble/include/rclcpp/rclcpp/executor.hpp:37[m[K,
[1.340s]                  from [01m[K/opt/ros/humble/include/rclcpp/rclcpp/executors/multi_threaded_executor.hpp:25[m[K,
[1.340s]                  from [01m[K/opt/ros/humble/include/rclcpp/rclcpp/executors.hpp:21[m[K,
[1.340s]                  from [01m[K/opt/ros/humble/include/rclcpp/rclcpp/rclcpp.hpp:155[m[K,
[1.340s]                  from [01m[K/home/noahw/programs/machpilot/src/FSMPilot/src/ros_main.cpp:1[m[K:
[1.340s] [01m[K/home/noahw/programs/machpilot/src/FSMPilot/src/ros_main.cpp:[m[K In function â€˜[01m[Kint main(int, char**)[m[Kâ€™:
[1.340s] [01m[K/home/noahw/programs/machpilot/src/FSMPilot/src/ros_main.cpp:13:17:[m[K [01;31m[Kerror: [m[Kinvalid use of â€˜[01m[Kthis[m[Kâ€™ in non-member function
[1.340s]    13 |     RCLCPP_INFO([01;31m[Kthis[m[K->get_logger(), "State Machine Initialized.");
[1.340s]       |                 [01;31m[K^~~~[m[K
[1.340s] [01m[K/home/noahw/programs/machpilot/src/FSMPilot/src/ros_main.cpp:13:17:[m[K [01;31m[Kerror: [m[Kinvalid use of â€˜[01m[Kthis[m[Kâ€™ in non-member function
[1.340s] [01m[K/home/noahw/programs/machpilot/src/FSMPilot/src/ros_main.cpp:13:5:[m[K [01;31m[Kerror: [m[Ktemplate argument 1 is invalid
[1.340s]    13 |     [01;31m[KRCLCPP_INFO[m[K(this->get_logger(), "State Machine Initialized.");
[1.340s]       |     [01;31m[K^~~~~~~~~~~[m[K
[1.340s] [01m[K/home/noahw/programs/machpilot/src/FSMPilot/src/ros_main.cpp:13:5:[m[K [01;31m[Kerror: [m[Ktemplate argument 1 is invalid
[1.340s]    13 |     [01;31m[KRCLCPP_INFO[m[K(this->get_logger(), "State Machine Initialized.");
[1.340s]       |     [01;31m[K^~~~~~~~~~~[m[K
[1.340s] [01m[K/home/noahw/programs/machpilot/src/FSMPilot/src/ros_main.cpp:13:5:[m[K [01;31m[Kerror: [m[Ktemplate argument 1 is invalid
[1.340s]    13 |     [01;31m[KRCLCPP_INFO[m[K(this->get_logger(), "State Machine Initialized.");
[1.341s]       |     [01;31m[K^~~~~~~~~~~[m[K
[1.341s] In file included from [01m[K/opt/ros/humble/include/rclcpp/rclcpp/logging.hpp:24[m[K,
[1.341s]                  from [01m[K/opt/ros/humble/include/rclcpp/rclcpp/client.hpp:40[m[K,
[1.341s]                  from [01m[K/opt/ros/humble/include/rclcpp/rclcpp/callback_group.hpp:24[m[K,
[1.341s]                  from [01m[K/opt/ros/humble/include/rclcpp/rclcpp/any_executable.hpp:20[m[K,
[1.341s]                  from [01m[K/opt/ros/humble/include/rclcpp/rclcpp/memory_strategy.hpp:25[m[K,
[1.341s]                  from [01m[K/opt/ros/humble/include/rclcpp/rclcpp/memory_strategies.hpp:18[m[K,
[1.341s]                  from [01m[K/opt/ros/humble/include/rclcpp/rclcpp/executor_options.hpp:20[m[K,
[1.341s]                  from [01m[K/opt/ros/humble/include/rclcpp/rclcpp/executor.hpp:37[m[K,
[1.341s]                  from [01m[K/opt/ros/humble/include/rclcpp/rclcpp/executors/multi_threaded_executor.hpp:25[m[K,
[1.341s]                  from [01m[K/opt/ros/humble/include/rclcpp/rclcpp/executors.hpp:21[m[K,
[1.341s]                  from [01m[K/opt/ros/humble/include/rclcpp/rclcpp/rclcpp.hpp:155[m[K,
[1.341s]                  from [01m[K/home/noahw/programs/machpilot/src/FSMPilot/src/ros_main.cpp:1[m[K:
[1.341s] [01m[K/home/noahw/programs/machpilot/src/FSMPilot/src/ros_main.cpp:13:17:[m[K [01;31m[Kerror: [m[Kinvalid use of â€˜[01m[Kthis[m[Kâ€™ in non-member function
[1.341s]    13 |     RCLCPP_INFO([01;31m[Kthis[m[K->get_logger(), "State Machine Initialized.");
[1.341s]       |                 [01;31m[K^~~~[m[K
[1.341s] [01m[K/home/noahw/programs/machpilot/src/FSMPilot/src/ros_main.cpp:13:17:[m[K [01;31m[Kerror: [m[Kinvalid use of â€˜[01m[Kthis[m[Kâ€™ in non-member function
[1.341s]    13 |     RCLCPP_INFO([01;31m[Kthis[m[K->get_logger(), "State Machine Initialized.");
[1.341s]       |                 [01;31m[K^~~~[m[K
[1.580s] gmake[2]: *** [CMakeFiles/state_machine_node.dir/build.make:76: CMakeFiles/state_machine_node.dir/src/ros_main.cpp.o] Error 1
[1.580s] gmake[2]: *** Waiting for unfinished jobs....
[6.306s] gmake[1]: *** [CMakeFiles/Makefile2:137: CMakeFiles/state_machine_node.dir/all] Error 2
[6.306s] gmake: *** [Makefile:146: all] Error 2
[6.308s] Invoked command in '/home/noahw/programs/machpilot/src/FSMPilot/build/fsm_ros_wrapper' returned '2': CMAKE_PREFIX_PATH=/opt/ros/humble /usr/bin/cmake --build /home/noahw/programs/machpilot/src/FSMPilot/build/fsm_ros_wrapper -- -j32 -l32
