In file included from [01m[K/workspace/src/vehicle_manager_system/FSMPilot/FSMPilot.cpp:1[m[K:
[01m[K/workspace/src/vehicle_manager_system/FSMPilot/FSMPilot.hpp:4:10:[m[K [01;31m[Kfatal error: [m[Ktinyfsm.hpp: No such file or directory
    4 | #include [01;31m[K<tinyfsm.hpp>[m[K
      |          [01;31m[K^~~~~~~~~~~~~[m[K
compilation terminated.
In file included from [01m[K/workspace/src/vehicle_manager_system/FSMPilot/main.cpp:1[m[K:
[01m[K/workspace/src/vehicle_manager_system/FSMPilot/FSMPilot.hpp:4:10:[m[K [01;31m[Kfatal error: [m[Ktinyfsm.hpp: No such file or directory
    4 | #include [01;31m[K<tinyfsm.hpp>[m[K
      |          [01;31m[K^~~~~~~~~~~~~[m[K
compilation terminated.
gmake[2]: *** [CMakeFiles/FSMPilot.dir/build.make:90: CMakeFiles/FSMPilot.dir/FSMPilot.cpp.o] Error 1
gmake[2]: *** Waiting for unfinished jobs....
gmake[2]: *** [CMakeFiles/FSMPilot.dir/build.make:76: CMakeFiles/FSMPilot.dir/main.cpp.o] Error 1
gmake[1]: *** [CMakeFiles/Makefile2:83: CMakeFiles/FSMPilot.dir/all] Error 2
gmake: *** [Makefile:91: all] Error 2
