[01m[K/home/noahw/programs/machpilot/src/FSMPilot/src/state_machine_node.cpp:[m[K In member function â€˜[01m[Kvoid StateMachineNode::publish_state(FSMPilotStates)[m[Kâ€™:
[01m[K/home/noahw/programs/machpilot/src/FSMPilot/src/state_machine_node.cpp:89:5:[m[K [01;31m[Kerror: [m[Kâ€˜[01m[Kstate_publisher_[m[Kâ€™ was not declared in this scope; did you mean â€˜[01m[Kstate_publisher[m[Kâ€™?
   89 |     [01;31m[Kstate_publisher_[m[K->publish(msg);
      |     [01;31m[K^~~~~~~~~~~~~~~~[m[K
      |     [32m[Kstate_publisher[m[K
gmake[2]: *** [CMakeFiles/state_machine_node.dir/build.make:90: CMakeFiles/state_machine_node.dir/src/state_machine_node.cpp.o] Error 1
gmake[1]: *** [CMakeFiles/Makefile2:137: CMakeFiles/state_machine_node.dir/all] Error 2
gmake: *** [Makefile:146: all] Error 2
