[0.012s] Invoking command in '/home/noahw/programs/machpilot/src/FSMPilot/build/fsm_ros_wrapper': CMAKE_PREFIX_PATH=${CMAKE_PREFIX_PATH}:/opt/ros/humble /usr/bin/cmake --build /home/noahw/programs/machpilot/src/FSMPilot/build/fsm_ros_wrapper -- -j32 -l32
[0.073s] [35m[1mConsolidate compiler generated dependencies of target state_machine_node[0m
[0.085s] [ 10%] [32mBuilding CXX object CMakeFiles/state_machine_node.dir/src/state_machine_node.cpp.o[0m
[1.453s] [01m[K/home/noahw/programs/machpilot/src/FSMPilot/src/state_machine_node.cpp:[m[K In member function â€˜[01m[Kvoid StateMachineNode::publish_state(FSMPilotStates)[m[Kâ€™:
[1.453s] [01m[K/home/noahw/programs/machpilot/src/FSMPilot/src/state_machine_node.cpp:89:5:[m[K [01;31m[Kerror: [m[Kâ€˜[01m[Kstate_publisher_[m[Kâ€™ was not declared in this scope; did you mean â€˜[01m[Kstate_publisher[m[Kâ€™?
[1.453s]    89 |     [01;31m[Kstate_publisher_[m[K->publish(msg);
[1.453s]       |     [01;31m[K^~~~~~~~~~~~~~~~[m[K
[1.453s]       |     [32m[Kstate_publisher[m[K
[3.236s] gmake[2]: *** [CMakeFiles/state_machine_node.dir/build.make:90: CMakeFiles/state_machine_node.dir/src/state_machine_node.cpp.o] Error 1
[3.236s] gmake[1]: *** [CMakeFiles/Makefile2:137: CMakeFiles/state_machine_node.dir/all] Error 2
[3.236s] gmake: *** [Makefile:146: all] Error 2
[3.238s] Invoked command in '/home/noahw/programs/machpilot/src/FSMPilot/build/fsm_ros_wrapper' returned '2': CMAKE_PREFIX_PATH=${CMAKE_PREFIX_PATH}:/opt/ros/humble /usr/bin/cmake --build /home/noahw/programs/machpilot/src/FSMPilot/build/fsm_ros_wrapper -- -j32 -l32
