[0.006s] Invoking command in '/home/noahw/programs/machpilot/src/FSMPilot/build/fsm_ros_wrapper': CMAKE_PREFIX_PATH=${CMAKE_PREFIX_PATH}:/opt/ros/humble /usr/bin/cmake --build /home/noahw/programs/machpilot/src/FSMPilot/build/fsm_ros_wrapper -- -j32 -l32
[0.024s] [35m[1mConsolidate compiler generated dependencies of target state_machine_node[0m
[0.039s] [ 10%] [32mBuilding CXX object CMakeFiles/state_machine_node.dir/src/state_machine_node.cpp.o[0m
[1.257s] [01m[K/home/noahw/programs/machpilot/src/FSMPilot/src/state_machine_node.cpp:[m[K In function â€˜[01m[Kvoid pubish_state(std::shared_ptr<StateMachineNode>, FSMPilotStates)[m[Kâ€™:
[1.257s] [01m[K/home/noahw/programs/machpilot/src/FSMPilot/src/state_machine_node.cpp:92:18:[m[K [01;31m[Kerror: [m[Kâ€˜[01m[Kusing element_type = class StateMachineNode[m[Kâ€™ {aka â€˜[01m[Kclass StateMachineNode[m[Kâ€™} has no member named â€˜[01m[Kstate_publisher_[m[Kâ€™; did you mean â€˜[01m[Krclcpp::Publisher<std_msgs::msg::UInt64_<std::allocator<void> > >::SharedPtr StateMachineNode::state_publisher[m[Kâ€™? (not accessible from this context)
[1.257s]    92 |     output_node->[01;31m[Kstate_publisher_[m[K->publish(msg);
[1.257s]       |                  [01;31m[K^~~~~~~~~~~~~~~~[m[K
[1.257s] In file included from [01m[K/home/noahw/programs/machpilot/src/FSMPilot/src/state_machine_node.cpp:1[m[K:
[1.257s] [01m[K/home/noahw/programs/machpilot/src/FSMPilot/include/fsm_ros_wrapper/state_machine_node.hpp:16:57:[m[K [01;36m[Knote: [m[Kdeclared private here
[1.257s]    16 |     rclcpp::Publisher<std_msgs::msg::UInt64>::SharedPtr [01;36m[Kstate_publisher[m[K;
[1.257s]       |                                                         [01;36m[K^~~~~~~~~~~~~~~[m[K
[3.050s] gmake[2]: *** [CMakeFiles/state_machine_node.dir/build.make:90: CMakeFiles/state_machine_node.dir/src/state_machine_node.cpp.o] Error 1
[3.050s] gmake[1]: *** [CMakeFiles/Makefile2:137: CMakeFiles/state_machine_node.dir/all] Error 2
[3.050s] gmake: *** [Makefile:146: all] Error 2
[3.052s] Invoked command in '/home/noahw/programs/machpilot/src/FSMPilot/build/fsm_ros_wrapper' returned '2': CMAKE_PREFIX_PATH=${CMAKE_PREFIX_PATH}:/opt/ros/humble /usr/bin/cmake --build /home/noahw/programs/machpilot/src/FSMPilot/build/fsm_ros_wrapper -- -j32 -l32
