[0.007s] Invoking command in '/home/noahw/programs/machpilot/src/FSMPilot/build/fsm_ros_wrapper': CMAKE_PREFIX_PATH=/opt/ros/humble /usr/bin/cmake --build /home/noahw/programs/machpilot/src/FSMPilot/build/fsm_ros_wrapper -- -j32 -l32
[0.031s] [35m[1mConsolidate compiler generated dependencies of target state_machine_node[0m
[0.043s] [ 11%] [32mBuilding CXX object CMakeFiles/state_machine_node.dir/src/state_machine_node.cpp.o[0m
[1.256s] [01m[K/home/noahw/programs/machpilot/src/FSMPilot/src/state_machine_node.cpp:[m[K In constructor â€˜[01m[KStateMachineNode::StateMachineNode()[m[Kâ€™:
[1.256s] [01m[K/home/noahw/programs/machpilot/src/FSMPilot/src/state_machine_node.cpp:23:38:[m[K [01;31m[Kerror: [m[Kexpected primary-expression before â€˜[01m[K>[m[Kâ€™ token
[1.256s]    23 |     StateMachine::start<Uninitialized[01;31m[K>[m[K();
[1.256s]       |                                      [01;31m[K^[m[K
[1.256s] [01m[K/home/noahw/programs/machpilot/src/FSMPilot/src/state_machine_node.cpp:23:40:[m[K [01;31m[Kerror: [m[Kexpected primary-expression before â€˜[01m[K)[m[Kâ€™ token
[1.256s]    23 |     StateMachine::start<Uninitialized>([01;31m[K)[m[K;
[1.256s]       |                                        [01;31m[K^[m[K
[1.264s] [01m[K/home/noahw/programs/machpilot/src/FSMPilot/src/state_machine_node.cpp:[m[K In member function â€˜[01m[Kvoid StateMachineNode::publish_state_callback()[m[Kâ€™:
[1.264s] [01m[K/home/noahw/programs/machpilot/src/FSMPilot/src/state_machine_node.cpp:106:39:[m[K [01;31m[Kerror: [m[Kinvalid cast to abstract class type â€˜[01m[KStateMachine[m[Kâ€™
[1.264s]   106 |     auto& fsm_instance = StateMachine([01;31m[K)[m[K;
[1.264s]       |                                       [01;31m[K^[m[K
[1.264s] In file included from [01m[K/home/noahw/programs/machpilot/src/FSMPilot/include/fsm_ros_wrapper/state_machine_node.hpp:8[m[K,
[1.264s]                  from [01m[K/home/noahw/programs/machpilot/src/FSMPilot/src/state_machine_node.cpp:1[m[K:
[1.264s] [01m[K/home/noahw/programs/machpilot/src/FSMPilot/src/FSMPilot.hpp:43:7:[m[K [01;36m[Knote: [m[K  because the following virtual functions are pure within â€˜[01m[KStateMachine[m[Kâ€™:
[1.264s]    43 | class [01;36m[KStateMachine[m[K : public tinyfsm::Fsm<StateMachine> {
[1.264s]       |       [01;36m[K^~~~~~~~~~~~[m[K
[1.264s] [01m[K/home/noahw/programs/machpilot/src/FSMPilot/src/FSMPilot.hpp:54:25:[m[K [01;36m[Knote: [m[K    â€˜[01m[Kvirtual ScreenState StateMachine::get_screen_state()[m[Kâ€™
[1.264s]    54 |     virtual ScreenState [01;36m[Kget_screen_state[m[K() = 0;
[1.264s]       |                         [01;36m[K^~~~~~~~~~~~~~~~[m[K
[1.264s] [01m[K/home/noahw/programs/machpilot/src/FSMPilot/src/FSMPilot.hpp:57:25:[m[K [01;36m[Knote: [m[K    â€˜[01m[Kvirtual std::string StateMachine::get_name() const[m[Kâ€™
[1.264s]    57 |     virtual std::string [01;36m[Kget_name[m[K() const=0;
[1.264s]       |                         [01;36m[K^~~~~~~~[m[K
[3.108s] gmake[2]: *** [CMakeFiles/state_machine_node.dir/build.make:90: CMakeFiles/state_machine_node.dir/src/state_machine_node.cpp.o] Error 1
[3.108s] gmake[1]: *** [CMakeFiles/Makefile2:137: CMakeFiles/state_machine_node.dir/all] Error 2
[3.108s] gmake: *** [Makefile:146: all] Error 2
[3.109s] Invoked command in '/home/noahw/programs/machpilot/src/FSMPilot/build/fsm_ros_wrapper' returned '2': CMAKE_PREFIX_PATH=/opt/ros/humble /usr/bin/cmake --build /home/noahw/programs/machpilot/src/FSMPilot/build/fsm_ros_wrapper -- -j32 -l32
