[0.014s] Invoking command in '/home/noahw/programs/machpilot/src/FSMPilot/build/fsm_ros_wrapper': CMAKE_PREFIX_PATH=${CMAKE_PREFIX_PATH}:/opt/ros/humble /usr/bin/cmake --build /home/noahw/programs/machpilot/src/FSMPilot/build/fsm_ros_wrapper -- -j32 -l32
[0.085s] [35m[1mConsolidate compiler generated dependencies of target state_machine_node[0m
[0.104s] [ 10%] [32mBuilding CXX object CMakeFiles/state_machine_node.dir/src/ros_main.cpp.o[0m
[0.104s] [ 20%] [32mBuilding CXX object CMakeFiles/state_machine_node.dir/src/state_machine_node.cpp.o[0m
[0.104s] [ 30%] [32mBuilding CXX object CMakeFiles/state_machine_node.dir/src/FSMPilot.cpp.o[0m
[0.105s] [ 40%] [32mBuilding CXX object CMakeFiles/state_machine_node.dir/src/ErrorManager.cpp.o[0m
[0.105s] [ 50%] [32mBuilding CXX object CMakeFiles/state_machine_node.dir/src/FireManager.cpp.o[0m
[0.105s] [ 60%] [32mBuilding CXX object CMakeFiles/state_machine_node.dir/src/ErrorManagerList.cpp.o[0m
[1.662s] In file included from [01m[K/home/noahw/programs/machpilot/src/FSMPilot/include/fsm_ros_wrapper/state_machine_node.hpp:8[m[K,
[1.662s]                  from [01m[K/home/noahw/programs/machpilot/src/FSMPilot/src/state_machine_node.cpp:1[m[K:
[1.662s] [01m[K/home/noahw/programs/machpilot/src/FSMPilot/src/FSMPilot.hpp:18:17:[m[K [01;31m[Kerror: [m[Kâ€˜[01m[KStateMachineNode[m[Kâ€™ was not declared in this scope
[1.662s]    18 | std::shared_ptr<[01;31m[KStateMachineNode[m[K> output_node;
[1.662s]       |                 [01;31m[K^~~~~~~~~~~~~~~~[m[K
[1.662s] [01m[K/home/noahw/programs/machpilot/src/FSMPilot/src/FSMPilot.hpp:18:33:[m[K [01;31m[Kerror: [m[Ktemplate argument 1 is invalid
[1.662s]    18 | std::shared_ptr<StateMachineNode[01;31m[K>[m[K output_node;
[1.662s]       |                                 [01;31m[K^[m[K
[1.678s] In file included from [01m[K/home/noahw/programs/machpilot/src/FSMPilot/include/fsm_ros_wrapper/state_machine_node.hpp:8[m[K,
[1.678s]                  from [01m[K/home/noahw/programs/machpilot/src/FSMPilot/src/ros_main.cpp:2[m[K:
[1.678s] [01m[K/home/noahw/programs/machpilot/src/FSMPilot/src/FSMPilot.hpp:18:17:[m[K [01;31m[Kerror: [m[Kâ€˜[01m[KStateMachineNode[m[Kâ€™ was not declared in this scope
[1.678s]    18 | std::shared_ptr<[01;31m[KStateMachineNode[m[K> output_node;
[1.678s]       |                 [01;31m[K^~~~~~~~~~~~~~~~[m[K
[1.678s] [01m[K/home/noahw/programs/machpilot/src/FSMPilot/src/FSMPilot.hpp:18:33:[m[K [01;31m[Kerror: [m[Ktemplate argument 1 is invalid
[1.678s]    18 | std::shared_ptr<StateMachineNode[01;31m[K>[m[K output_node;
[1.678s]       |                                 [01;31m[K^[m[K
[1.688s] In file included from [01m[K/home/noahw/programs/machpilot/src/FSMPilot/src/FSMPilot.hpp:10[m[K,
[1.688s]                  from [01m[K/home/noahw/programs/machpilot/src/FSMPilot/src/ErrorManager.hpp:6[m[K,
[1.688s]                  from [01m[K/home/noahw/programs/machpilot/src/FSMPilot/src/ErrorManager.cpp:3[m[K:
[1.688s] [01m[K/home/noahw/programs/machpilot/src/FSMPilot/include/fsm_ros_wrapper/state_machine_node.hpp:28:2:[m[K [01;31m[Kerror: [m[Kexpected â€˜[01m[K;[m[Kâ€™ after class definition
[1.688s]    28 | }
[1.688s]       |  [01;31m[K^[m[K
[1.688s]       |  [32m[K;[m[K
[1.713s] In file included from [01m[K/home/noahw/programs/machpilot/src/FSMPilot/src/FSMPilot.hpp:10[m[K,
[1.713s]                  from [01m[K/home/noahw/programs/machpilot/src/FSMPilot/src/ErrorManager.hpp:6[m[K,
[1.713s]                  from [01m[K/home/noahw/programs/machpilot/src/FSMPilot/src/ErrorManagerList.hpp:1[m[K,
[1.713s]                  from [01m[K/home/noahw/programs/machpilot/src/FSMPilot/src/ErrorManagerList.cpp:1[m[K:
[1.713s] [01m[K/home/noahw/programs/machpilot/src/FSMPilot/include/fsm_ros_wrapper/state_machine_node.hpp:28:2:[m[K [01;31m[Kerror: [m[Kexpected â€˜[01m[K;[m[Kâ€™ after class definition
[1.714s]    28 | }
[1.714s]       |  [01;31m[K^[m[K
[1.714s]       |  [32m[K;[m[K
[1.716s] In file included from [01m[K/home/noahw/programs/machpilot/src/FSMPilot/src/FSMPilot.hpp:10[m[K,
[1.716s]                  from [01m[K/home/noahw/programs/machpilot/src/FSMPilot/src/ErrorManager.hpp:6[m[K,
[1.716s]                  from [01m[K/home/noahw/programs/machpilot/src/FSMPilot/src/FireManager.hpp:1[m[K,
[1.717s]                  from [01m[K/home/noahw/programs/machpilot/src/FSMPilot/src/FireManager.cpp:1[m[K:
[1.717s] [01m[K/home/noahw/programs/machpilot/src/FSMPilot/include/fsm_ros_wrapper/state_machine_node.hpp:28:2:[m[K [01;31m[Kerror: [m[Kexpected â€˜[01m[K;[m[Kâ€™ after class definition
[1.717s]    28 | }
[1.717s]       |  [01;31m[K^[m[K
[1.717s]       |  [32m[K;[m[K
[1.720s] In file included from [01m[K/home/noahw/programs/machpilot/src/FSMPilot/src/state_machine_node.cpp:1[m[K:
[1.720s] [01m[K/home/noahw/programs/machpilot/src/FSMPilot/include/fsm_ros_wrapper/state_machine_node.hpp:28:2:[m[K [01;31m[Kerror: [m[Kexpected â€˜[01m[K;[m[Kâ€™ after class definition
[1.720s]    28 | }
[1.720s]       |  [01;31m[K^[m[K
[1.720s]       |  [32m[K;[m[K
[1.727s] [01m[K/home/noahw/programs/machpilot/src/FSMPilot/src/state_machine_node.cpp:86:6:[m[K [01;31m[Kerror: [m[Kno declaration matches â€˜[01m[Kvoid StateMachineNode::publish_state(FSMPilotStates)[m[Kâ€™
[1.727s]    86 | void [01;31m[KStateMachineNode[m[K::publish_state(FSMPilotStates state) {
[1.727s]       |      [01;31m[K^~~~~~~~~~~~~~~~[m[K
[1.727s] [01m[K/home/noahw/programs/machpilot/src/FSMPilot/src/state_machine_node.cpp:86:6:[m[K [01;36m[Knote: [m[Kno functions named â€˜[01m[Kvoid StateMachineNode::publish_state(FSMPilotStates)[m[Kâ€™
[1.727s] In file included from [01m[K/home/noahw/programs/machpilot/src/FSMPilot/src/state_machine_node.cpp:1[m[K:
[1.727s] [01m[K/home/noahw/programs/machpilot/src/FSMPilot/include/fsm_ros_wrapper/state_machine_node.hpp:11:7:[m[K [01;36m[Knote: [m[Kâ€˜[01m[Kclass StateMachineNode[m[Kâ€™ defined here
[1.727s]    11 | class [01;36m[KStateMachineNode[m[K : public rclcpp::Node
[1.727s]       |       [01;36m[K^~~~~~~~~~~~~~~~[m[K
[1.728s] In file included from [01m[K/home/noahw/programs/machpilot/src/FSMPilot/src/ros_main.cpp:2[m[K:
[1.728s] [01m[K/home/noahw/programs/machpilot/src/FSMPilot/include/fsm_ros_wrapper/state_machine_node.hpp:28:2:[m[K [01;31m[Kerror: [m[Kexpected â€˜[01m[K;[m[Kâ€™ after class definition
[1.728s]    28 | }
[1.728s]       |  [01;31m[K^[m[K
[1.728s]       |  [32m[K;[m[K
[1.730s] [01m[K/home/noahw/programs/machpilot/src/FSMPilot/src/ros_main.cpp:[m[K In function â€˜[01m[Kint main(int, char**)[m[Kâ€™:
[1.730s] [01m[K/home/noahw/programs/machpilot/src/FSMPilot/src/ros_main.cpp:9:17:[m[K [01;31m[Kerror: [m[Kcannot convert â€˜[01m[Kstd::shared_ptr<StateMachineNode>[m[Kâ€™ to â€˜[01m[Kint[m[Kâ€™ in assignment
[1.730s]     9 |     output_node=[01;31m[Knode[m[K;
[1.730s]       |                 [01;31m[K^~~~[m[K
[1.730s]       |                 [01;31m[K|[m[K
[1.730s]       |                 [01;31m[Kstd::shared_ptr<StateMachineNode>[m[K
[1.744s] In file included from [01m[K/home/noahw/programs/machpilot/src/FSMPilot/src/FSMPilot.hpp:10[m[K,
[1.745s]                  from [01m[K/home/noahw/programs/machpilot/src/FSMPilot/src/FSMPilot.cpp:1[m[K:
[1.745s] [01m[K/home/noahw/programs/machpilot/src/FSMPilot/include/fsm_ros_wrapper/state_machine_node.hpp:28:2:[m[K [01;31m[Kerror: [m[Kexpected â€˜[01m[K;[m[Kâ€™ after class definition
[1.745s]    28 | }
[1.745s]       |  [01;31m[K^[m[K
[1.745s]       |  [32m[K;[m[K
[1.754s] [01m[K/home/noahw/programs/machpilot/src/FSMPilot/src/FSMPilot.cpp:[m[K In member function â€˜[01m[Kvoid StateMachine::entry()[m[Kâ€™:
[1.754s] [01m[K/home/noahw/programs/machpilot/src/FSMPilot/src/FSMPilot.cpp:48:5:[m[K [01;31m[Kerror: [m[Kâ€˜[01m[Kget_main_node[m[Kâ€™ was not declared in this scope
[1.754s]    48 |     [01;31m[Kget_main_node[m[K()->publish_state(get_state());
[1.754s]       |     [01;31m[K^~~~~~~~~~~~~[m[K
[1.992s] gmake[2]: *** [CMakeFiles/state_machine_node.dir/build.make:174: CMakeFiles/state_machine_node.dir/src/ErrorManagerList.cpp.o] Error 1
[1.992s] gmake[2]: *** Waiting for unfinished jobs....
[1.992s] gmake[2]: *** [CMakeFiles/state_machine_node.dir/build.make:160: CMakeFiles/state_machine_node.dir/src/FireManager.cpp.o] Error 1
[1.995s] gmake[2]: *** [CMakeFiles/state_machine_node.dir/build.make:146: CMakeFiles/state_machine_node.dir/src/ErrorManager.cpp.o] Error 1
[2.010s] gmake[2]: *** [CMakeFiles/state_machine_node.dir/build.make:76: CMakeFiles/state_machine_node.dir/src/ros_main.cpp.o] Error 1
[2.041s] gmake[2]: *** [CMakeFiles/state_machine_node.dir/build.make:104: CMakeFiles/state_machine_node.dir/src/FSMPilot.cpp.o] Error 1
[3.642s] gmake[2]: *** [CMakeFiles/state_machine_node.dir/build.make:90: CMakeFiles/state_machine_node.dir/src/state_machine_node.cpp.o] Error 1
[3.643s] gmake[1]: *** [CMakeFiles/Makefile2:137: CMakeFiles/state_machine_node.dir/all] Error 2
[3.643s] gmake: *** [Makefile:146: all] Error 2
[3.645s] Invoked command in '/home/noahw/programs/machpilot/src/FSMPilot/build/fsm_ros_wrapper' returned '2': CMAKE_PREFIX_PATH=${CMAKE_PREFIX_PATH}:/opt/ros/humble /usr/bin/cmake --build /home/noahw/programs/machpilot/src/FSMPilot/build/fsm_ros_wrapper -- -j32 -l32
