[0.008s] Invoking command in '/workspace/src/build/ublox_gps_driver': CMAKE_PREFIX_PATH=${CMAKE_PREFIX_PATH}:/opt/ros/humble /usr/bin/cmake /workspace/src/embedded_system/ublox_gps_driver -DCMAKE_INSTALL_PREFIX=/workspace/src/install/ublox_gps_driver
[0.027s] -- Found ament_cmake: 1.3.12 (/opt/ros/humble/share/ament_cmake/cmake)
[0.107s] -- Found rclcpp: 16.0.15 (/opt/ros/humble/share/rclcpp/cmake)
[0.123s] -- Found rosidl_generator_c: 3.1.7 (/opt/ros/humble/share/rosidl_generator_c/cmake)
[0.125s] -- Found rosidl_adapter: 3.1.7 (/opt/ros/humble/share/rosidl_adapter/cmake)
[0.125s] -- Found rosidl_generator_cpp: 3.1.7 (/opt/ros/humble/share/rosidl_generator_cpp/cmake)
[0.134s] -- Using all available rosidl_typesupport_c: rosidl_typesupport_fastrtps_c;rosidl_typesupport_introspection_c
[0.140s] -- Using all available rosidl_typesupport_cpp: rosidl_typesupport_fastrtps_cpp;rosidl_typesupport_introspection_cpp
[0.152s] -- Found rmw_implementation_cmake: 6.1.2 (/opt/ros/humble/share/rmw_implementation_cmake/cmake)
[0.161s] -- Found rmw_fastrtps_cpp: 6.2.9 (/opt/ros/humble/share/rmw_fastrtps_cpp/cmake)
[0.240s] -- Using RMW implementation 'rmw_fastrtps_cpp' as default
[0.269s] -- Found rclcpp_lifecycle: 16.0.15 (/opt/ros/humble/share/rclcpp_lifecycle/cmake)
[0.276s] -- Found sensor_msgs: 4.9.0 (/opt/ros/humble/share/sensor_msgs/cmake)
[0.292s] -- Found diagnostic_msgs: 4.9.0 (/opt/ros/humble/share/diagnostic_msgs/cmake)
[0.303s] -- Found ament_cmake_gtest: 1.3.12 (/opt/ros/humble/share/ament_cmake_gtest/cmake)
[0.307s] -- Found gtest sources under '/opt/ros/humble/src/gtest_vendor': C++ tests using 'Google Test' will be built
[0.360s] -- Configuring done
[0.423s] -- Generating done
[0.444s] -- Build files have been written to: /workspace/src/build/ublox_gps_driver
[0.445s] Invoked command in '/workspace/src/build/ublox_gps_driver' returned '0': CMAKE_PREFIX_PATH=${CMAKE_PREFIX_PATH}:/opt/ros/humble /usr/bin/cmake /workspace/src/embedded_system/ublox_gps_driver -DCMAKE_INSTALL_PREFIX=/workspace/src/install/ublox_gps_driver
[0.447s] Invoking command in '/workspace/src/build/ublox_gps_driver': CMAKE_PREFIX_PATH=${CMAKE_PREFIX_PATH}:/opt/ros/humble /usr/bin/cmake --build /workspace/src/build/ublox_gps_driver -- -j8 -l8
[0.485s] [ 23%] [32mBuilding CXX object CMakeFiles/ublox_messages.dir/src/ublox_messages.cpp.o[0m
[0.486s] [ 23%] [32mBuilding CXX object gtest/CMakeFiles/gtest_main.dir/src/gtest_main.cc.o[0m
[0.487s] [ 23%] [32mBuilding C object CMakeFiles/uart_lib.dir/workspace/src/embedded_system/dependencies/src/uart.c.o[0m
[0.487s] [ 23%] [32mBuilding CXX object gtest/CMakeFiles/gtest.dir/src/gtest-all.cc.o[0m
[0.552s] [ 29%] [32m[1mLinking C static library libuart_lib.a[0m
[0.580s] [ 29%] Built target uart_lib
[0.598s] [ 41%] [32mBuilding CXX object CMakeFiles/uart_interface.dir/src/uart_interface.cpp.o[0m
[0.598s] [ 41%] [32m[1mLinking CXX static library libublox_messages.a[0m
[0.618s] [ 41%] Built target ublox_messages
[0.630s] [ 47%] [32mBuilding CXX object CMakeFiles/ublox_parser.dir/src/ublox_parser.cpp.o[0m
[0.816s] [ 52%] [32m[1mLinking CXX static library libuart_interface.a[0m
[0.902s] [ 52%] Built target uart_interface
[1.212s] [ 58%] [32m[1mLinking CXX static library libublox_parser.a[0m
[1.253s] [ 58%] Built target ublox_parser
[1.276s] [ 70%] [32mBuilding CXX object CMakeFiles/gps_node.dir/src/main.cpp.o[0m
[1.277s] [ 70%] [32mBuilding CXX object CMakeFiles/gps_node.dir/src/gps_node.cpp.o[0m
[1.435s] [ 76%] [32m[1mLinking CXX static library libgtest_main.a[0m
[1.480s] [ 76%] Built target gtest_main
[3.473s] [ 82%] [32m[1mLinking CXX static library libgtest.a[0m
[3.659s] [ 82%] Built target gtest
[3.681s] In file included from [01m[K/workspace/src/embedded_system/ublox_gps_driver/src/main.cpp:2[m[K:
[3.682s] [01m[K/workspace/src/embedded_system/ublox_gps_driver/include/ublox_gps_driver/gps_node.hpp:20:28:[m[K [01;31m[Kerror: [m[Kâ€˜[01m[Krcpp_lifecycle[m[Kâ€™ has not been declared
[3.683s]    20 |     class GpsNode : public [01;31m[Krcpp_lifecycle[m[K::LifecycleNode {
[3.684s]       |                            [01;31m[K^~~~~~~~~~~~~~[m[K
[3.687s] [01m[K/workspace/src/embedded_system/ublox_gps_driver/include/ublox_gps_driver/gps_node.hpp:20:44:[m[K [01;31m[Kerror: [m[Kexpected â€˜[01m[K{[m[Kâ€™ before â€˜[01m[KLifecycleNode[m[Kâ€™
[3.688s]    20 |     class GpsNode : public rcpp_lifecycle::[01;31m[KLifecycleNode[m[K {
[3.688s]       |                                            [01;31m[K^~~~~~~~~~~~~[m[K
[3.689s] [01m[K/workspace/src/embedded_system/ublox_gps_driver/include/ublox_gps_driver/gps_node.hpp:21:5:[m[K [01;31m[Kerror: [m[Kexpected primary-expression before â€˜[01m[Kpublic[m[Kâ€™
[3.690s]    21 |     [01;31m[Kpublic[m[K:
[3.691s]       |     [01;31m[K^~~~~~[m[K
[3.691s] [01m[K/workspace/src/embedded_system/ublox_gps_driver/include/ublox_gps_driver/gps_node.hpp:21:5:[m[K [01;31m[Kerror: [m[Kexpected â€˜[01m[K}[m[Kâ€™ before â€˜[01m[Kpublic[m[Kâ€™
[3.691s] [01m[K/workspace/src/embedded_system/ublox_gps_driver/include/ublox_gps_driver/gps_node.hpp:20:58:[m[K [01;36m[Knote: [m[Kto match this â€˜[01m[K{[m[Kâ€™
[3.691s]    20 |     class GpsNode : public rcpp_lifecycle::LifecycleNode [01;36m[K{[m[K
[3.691s]       |                                                          [01;36m[K^[m[K
[3.692s] [01m[K/workspace/src/embedded_system/ublox_gps_driver/include/ublox_gps_driver/gps_node.hpp:26:65:[m[K [01;31m[Kerror: [m[Kvirt-specifiers in â€˜[01m[Kon_configure[m[Kâ€™ not allowed outside a class definition
[3.692s]    26 |     on_configure(const rclcpp_lifecycle::State& previous_state) [01;31m[Koverride[m[K;
[3.692s]       |                                                                 [01;31m[K^~~~~~~~[m[K
[3.693s] [01m[K/workspace/src/embedded_system/ublox_gps_driver/include/ublox_gps_driver/gps_node.hpp:29:62:[m[K [01;31m[Kerror: [m[Kvirt-specifiers in â€˜[01m[Kon_active[m[Kâ€™ not allowed outside a class definition
[3.693s]    29 |     on_active(const rclcpp_lifecycle::State& previous_state) [01;31m[Koverride[m[K;
[3.693s]       |                                                              [01;31m[K^~~~~~~~[m[K
[3.694s] [01m[K/workspace/src/embedded_system/ublox_gps_driver/include/ublox_gps_driver/gps_node.hpp:32:66:[m[K [01;31m[Kerror: [m[Kvirt-specifiers in â€˜[01m[Kon_deactivate[m[Kâ€™ not allowed outside a class definition
[3.694s]    32 |     on_deactivate(const rclcpp_lifecycle::State& previous_state) [01;31m[Koverride[m[K;
[3.694s]       |                                                                  [01;31m[K^~~~~~~~[m[K
[3.695s] [01m[K/workspace/src/embedded_system/ublox_gps_driver/include/ublox_gps_driver/gps_node.hpp:35:63:[m[K [01;31m[Kerror: [m[Kvirt-specifiers in â€˜[01m[Kon_cleanup[m[Kâ€™ not allowed outside a class definition
[3.695s]    35 |     on_cleanup(const rclcpp_lifecycle::State& previous_state) [01;31m[Koverride[m[K;
[3.695s]       |                                                               [01;31m[K^~~~~~~~[m[K
[3.696s] [01m[K/workspace/src/embedded_system/ublox_gps_driver/include/ublox_gps_driver/gps_node.hpp:38:64:[m[K [01;31m[Kerror: [m[Kvirt-specifiers in â€˜[01m[Kon_shutdown[m[Kâ€™ not allowed outside a class definition
[3.696s]    38 |     on_shutdown(const rclcpp_lifecycle::State& previous_state) [01;31m[Koverride[m[K;
[3.696s]       |                                                                [01;31m[K^~~~~~~~[m[K
[3.696s] [01m[K/workspace/src/embedded_system/ublox_gps_driver/include/ublox_gps_driver/gps_node.hpp:40:5:[m[K [01;31m[Kerror: [m[Kexpected unqualified-id before â€˜[01m[Kprivate[m[Kâ€™
[3.696s]    40 |     [01;31m[Kprivate[m[K:
[3.696s]       |     [01;31m[K^~~~~~~[m[K
[3.697s] [ 88%] [32mBuilding CXX object CMakeFiles/test_checksum.dir/test/test_checksum.cpp.o[0m
[3.704s] [01m[K/workspace/src/embedded_system/ublox_gps_driver/include/ublox_gps_driver/gps_node.hpp:75:1:[m[K [01;31m[Kerror: [m[Kexpected declaration before â€˜[01m[K}[m[Kâ€™ token
[3.706s]    75 | [01;31m[K}[m[K
[3.708s]       | [01;31m[K^[m[K
[3.710s] [01m[K/workspace/src/embedded_system/ublox_gps_driver/src/main.cpp:[m[K In function â€˜[01m[Kint main(int, char**)[m[Kâ€™:
[3.714s] [01m[K/workspace/src/embedded_system/ublox_gps_driver/src/main.cpp:10:27:[m[K [01;31m[Kerror: [m[Kinvalid use of incomplete type â€˜[01m[Kusing element_type = class ublox::GpsNode[m[Kâ€™ {aka â€˜[01m[Kclass ublox::GpsNode[m[Kâ€™}
[3.717s]    10 |     executor.add_node(node[01;31m[K->[m[Kget_node_base_interface());
[3.718s]       |                           [01;31m[K^~[m[K
[3.720s] In file included from [01m[K/workspace/src/embedded_system/ublox_gps_driver/src/main.cpp:2[m[K:
[3.721s] [01m[K/workspace/src/embedded_system/ublox_gps_driver/include/ublox_gps_driver/gps_node.hpp:20:11:[m[K [01;36m[Knote: [m[Kforward declaration of â€˜[01m[Kusing element_type = class ublox::GpsNode[m[Kâ€™ {aka â€˜[01m[Kclass ublox::GpsNode[m[Kâ€™}
[3.722s]    20 |     class [01;36m[KGpsNode[m[K : public rcpp_lifecycle::LifecycleNode {
[3.724s]       |           [01;36m[K^~~~~~~[m[K
[3.883s] In file included from [01m[K/workspace/src/embedded_system/ublox_gps_driver/src/gps_node.cpp:1[m[K:
[3.884s] [01m[K/workspace/src/embedded_system/ublox_gps_driver/include/ublox_gps_driver/gps_node.hpp:20:28:[m[K [01;31m[Kerror: [m[Kâ€˜[01m[Krcpp_lifecycle[m[Kâ€™ has not been declared
[3.884s]    20 |     class GpsNode : public [01;31m[Krcpp_lifecycle[m[K::LifecycleNode {
[3.885s]       |                            [01;31m[K^~~~~~~~~~~~~~[m[K
[3.885s] [01m[K/workspace/src/embedded_system/ublox_gps_driver/include/ublox_gps_driver/gps_node.hpp:20:44:[m[K [01;31m[Kerror: [m[Kexpected â€˜[01m[K{[m[Kâ€™ before â€˜[01m[KLifecycleNode[m[Kâ€™
[3.885s]    20 |     class GpsNode : public rcpp_lifecycle::[01;31m[KLifecycleNode[m[K {
[3.885s]       |                                            [01;31m[K^~~~~~~~~~~~~[m[K
[3.886s] [01m[K/workspace/src/embedded_system/ublox_gps_driver/include/ublox_gps_driver/gps_node.hpp:21:5:[m[K [01;31m[Kerror: [m[Kexpected primary-expression before â€˜[01m[Kpublic[m[Kâ€™
[3.886s]    21 |     [01;31m[Kpublic[m[K:
[3.887s]       |     [01;31m[K^~~~~~[m[K
[3.888s] [01m[K/workspace/src/embedded_system/ublox_gps_driver/include/ublox_gps_driver/gps_node.hpp:21:5:[m[K [01;31m[Kerror: [m[Kexpected â€˜[01m[K}[m[Kâ€™ before â€˜[01m[Kpublic[m[Kâ€™
[3.889s] [01m[K/workspace/src/embedded_system/ublox_gps_driver/include/ublox_gps_driver/gps_node.hpp:20:58:[m[K [01;36m[Knote: [m[Kto match this â€˜[01m[K{[m[Kâ€™
[3.890s]    20 |     class GpsNode : public rcpp_lifecycle::LifecycleNode [01;36m[K{[m[K
[3.890s]       |                                                          [01;36m[K^[m[K
[3.892s] [01m[K/workspace/src/embedded_system/ublox_gps_driver/include/ublox_gps_driver/gps_node.hpp:26:65:[m[K [01;31m[Kerror: [m[Kvirt-specifiers in â€˜[01m[Kon_configure[m[Kâ€™ not allowed outside a class definition
[3.893s]    26 |     on_configure(const rclcpp_lifecycle::State& previous_state) [01;31m[Koverride[m[K;
[3.893s]       |                                                                 [01;31m[K^~~~~~~~[m[K
[3.894s] [01m[K/workspace/src/embedded_system/ublox_gps_driver/include/ublox_gps_driver/gps_node.hpp:29:62:[m[K [01;31m[Kerror: [m[Kvirt-specifiers in â€˜[01m[Kon_active[m[Kâ€™ not allowed outside a class definition
[3.894s]    29 |     on_active(const rclcpp_lifecycle::State& previous_state) [01;31m[Koverride[m[K;
[3.894s]       |                                                              [01;31m[K^~~~~~~~[m[K
[3.894s] [01m[K/workspace/src/embedded_system/ublox_gps_driver/include/ublox_gps_driver/gps_node.hpp:32:66:[m[K [01;31m[Kerror: [m[Kvirt-specifiers in â€˜[01m[Kon_deactivate[m[Kâ€™ not allowed outside a class definition
[3.895s]    32 |     on_deactivate(const rclcpp_lifecycle::State& previous_state) [01;31m[Koverride[m[K;
[3.895s]       |                                                                  [01;31m[K^~~~~~~~[m[K
[3.895s] [01m[K/workspace/src/embedded_system/ublox_gps_driver/include/ublox_gps_driver/gps_node.hpp:35:63:[m[K [01;31m[Kerror: [m[Kvirt-specifiers in â€˜[01m[Kon_cleanup[m[Kâ€™ not allowed outside a class definition
[3.896s]    35 |     on_cleanup(const rclcpp_lifecycle::State& previous_state) [01;31m[Koverride[m[K;
[3.896s]       |                                                               [01;31m[K^~~~~~~~[m[K
[3.897s] [01m[K/workspace/src/embedded_system/ublox_gps_driver/include/ublox_gps_driver/gps_node.hpp:38:64:[m[K [01;31m[Kerror: [m[Kvirt-specifiers in â€˜[01m[Kon_shutdown[m[Kâ€™ not allowed outside a class definition
[3.897s]    38 |     on_shutdown(const rclcpp_lifecycle::State& previous_state) [01;31m[Koverride[m[K;
[3.898s]       |                                                                [01;31m[K^~~~~~~~[m[K
[3.898s] [01m[K/workspace/src/embedded_system/ublox_gps_driver/include/ublox_gps_driver/gps_node.hpp:40:5:[m[K [01;31m[Kerror: [m[Kexpected unqualified-id before â€˜[01m[Kprivate[m[Kâ€™
[3.899s]    40 |     [01;31m[Kprivate[m[K:
[3.900s]       |     [01;31m[K^~~~~~~[m[K
[3.914s] [01m[K/workspace/src/embedded_system/ublox_gps_driver/include/ublox_gps_driver/gps_node.hpp:75:1:[m[K [01;31m[Kerror: [m[Kexpected declaration before â€˜[01m[K}[m[Kâ€™ token
[3.915s]    75 | [01;31m[K}[m[K
[3.916s]       | [01;31m[K^[m[K
[3.916s] [01m[K/workspace/src/embedded_system/ublox_gps_driver/src/gps_node.cpp:8:5:[m[K [01;31m[Kerror: [m[KISO C++ forbids declaration of â€˜[01m[KGPSNode[m[Kâ€™ with no type [[01;31m[K-fpermissive[m[K]
[3.917s]     8 |     [01;31m[KGpsNode[m[K::GPSNode(const rclcpp::NodeOptions& options)
[3.917s]       |     [01;31m[K^~~~~~~[m[K
[3.918s] [01m[K/workspace/src/embedded_system/ublox_gps_driver/src/gps_node.cpp:8:56:[m[K [01;31m[Kerror: [m[Kinvalid use of incomplete type â€˜[01m[Kclass ublox::GpsNode[m[Kâ€™
[3.918s]     8 |     GpsNode::GPSNode(const rclcpp::NodeOptions& options[01;31m[K)[m[K
[3.919s]       |                                                        [01;31m[K^[m[K
[3.919s] In file included from [01m[K/workspace/src/embedded_system/ublox_gps_driver/src/gps_node.cpp:1[m[K:
[3.921s] [01m[K/workspace/src/embedded_system/ublox_gps_driver/include/ublox_gps_driver/gps_node.hpp:20:11:[m[K [01;36m[Knote: [m[Kforward declaration of â€˜[01m[Kclass ublox::GpsNode[m[Kâ€™
[3.921s]    20 |     class [01;36m[KGpsNode[m[K : public rcpp_lifecycle::LifecycleNode {
[3.922s]       |           [01;36m[K^~~~~~~[m[K
[3.923s] [01m[K/workspace/src/embedded_system/ublox_gps_driver/src/gps_node.cpp:21:23:[m[K [01;31m[Kerror: [m[Kinvalid use of incomplete type â€˜[01m[Kclass ublox::GpsNode[m[Kâ€™
[3.923s]    21 |     GpsNode::~GpsNode([01;31m[K)[m[K {
[3.924s]       |                       [01;31m[K^[m[K
[3.924s] In file included from [01m[K/workspace/src/embedded_system/ublox_gps_driver/src/gps_node.cpp:1[m[K:
[3.925s] [01m[K/workspace/src/embedded_system/ublox_gps_driver/include/ublox_gps_driver/gps_node.hpp:20:11:[m[K [01;36m[Knote: [m[Kforward declaration of â€˜[01m[Kclass ublox::GpsNode[m[Kâ€™
[3.927s]    20 |     class [01;36m[KGpsNode[m[K : public rcpp_lifecycle::LifecycleNode {
[3.927s]       |           [01;36m[K^~~~~~~[m[K
[3.928s] [01m[K/workspace/src/embedded_system/ublox_gps_driver/src/gps_node.cpp:30:54:[m[K [01;31m[Kerror: [m[Kinvalid use of incomplete type â€˜[01m[Kclass ublox::GpsNode[m[Kâ€™
[3.928s]    30 |     std::vector<uint8_t> GpsNode::buildConfigurePort([01;31m[K)[m[K {
[3.929s]       |                                                      [01;31m[K^[m[K
[3.929s] In file included from [01m[K/workspace/src/embedded_system/ublox_gps_driver/src/gps_node.cpp:1[m[K:
[3.930s] [01m[K/workspace/src/embedded_system/ublox_gps_driver/include/ublox_gps_driver/gps_node.hpp:20:11:[m[K [01;36m[Knote: [m[Kforward declaration of â€˜[01m[Kclass ublox::GpsNode[m[Kâ€™
[3.930s]    20 |     class [01;36m[KGpsNode[m[K : public rcpp_lifecycle::LifecycleNode {
[3.932s]       |           [01;36m[K^~~~~~~[m[K
[3.932s] [01m[K/workspace/src/embedded_system/ublox_gps_driver/src/gps_node.cpp:78:53:[m[K [01;31m[Kerror: [m[Kinvalid use of incomplete type â€˜[01m[Kclass ublox::GpsNode[m[Kâ€™
[3.933s]    78 |     std::vector<uint8_t> GpsNode::buildEnableNavPVT([01;31m[K)[m[K {
[3.935s]       |                                                     [01;31m[K^[m[K
[3.935s] In file included from [01m[K/workspace/src/embedded_system/ublox_gps_driver/src/gps_node.cpp:1[m[K:
[3.936s] [01m[K/workspace/src/embedded_system/ublox_gps_driver/include/ublox_gps_driver/gps_node.hpp:20:11:[m[K [01;36m[Knote: [m[Kforward declaration of â€˜[01m[Kclass ublox::GpsNode[m[Kâ€™
[3.936s]    20 |     class [01;36m[KGpsNode[m[K : public rcpp_lifecycle::LifecycleNode {
[3.937s]       |           [01;36m[K^~~~~~~[m[K
[3.937s] [01m[K/workspace/src/embedded_system/ublox_gps_driver/src/gps_node.cpp:99:68:[m[K [01;31m[Kerror: [m[Kinvalid use of incomplete type â€˜[01m[Kclass ublox::GpsNode[m[Kâ€™
[3.938s]    99 |     bool GpsNode::sendConfigMessage(const std::vector<uint8_t>& msg[01;31m[K)[m[K {
[3.938s]       |                                                                    [01;31m[K^[m[K
[3.938s] In file included from [01m[K/workspace/src/embedded_system/ublox_gps_driver/src/gps_node.cpp:1[m[K:
[3.939s] [01m[K/workspace/src/embedded_system/ublox_gps_driver/include/ublox_gps_driver/gps_node.hpp:20:11:[m[K [01;36m[Knote: [m[Kforward declaration of â€˜[01m[Kclass ublox::GpsNode[m[Kâ€™
[3.940s]    20 |     class [01;36m[KGpsNode[m[K : public rcpp_lifecycle::LifecycleNode {
[3.940s]       |           [01;36m[K^~~~~~~[m[K
[3.940s] [01m[K/workspace/src/embedded_system/ublox_gps_driver/src/gps_node.cpp:125:32:[m[K [01;31m[Kerror: [m[Kinvalid use of incomplete type â€˜[01m[Kclass ublox::GpsNode[m[Kâ€™
[3.941s]   125 |     bool GpsNode::configureGPS([01;31m[K)[m[K {
[3.941s]       |                                [01;31m[K^[m[K
[3.942s] In file included from [01m[K/workspace/src/embedded_system/ublox_gps_driver/src/gps_node.cpp:1[m[K:
[3.943s] [01m[K/workspace/src/embedded_system/ublox_gps_driver/include/ublox_gps_driver/gps_node.hpp:20:11:[m[K [01;36m[Knote: [m[Kforward declaration of â€˜[01m[Kclass ublox::GpsNode[m[Kâ€™
[3.944s]    20 |     class [01;36m[KGpsNode[m[K : public rcpp_lifecycle::LifecycleNode {
[3.944s]       |           [01;36m[K^~~~~~~[m[K
[3.945s] [01m[K/workspace/src/embedded_system/ublox_gps_driver/src/gps_node.cpp:146:76:[m[K [01;31m[Kerror: [m[Kinvalid use of incomplete type â€˜[01m[Kclass ublox::GpsNode[m[Kâ€™
[3.946s]   146 |     GpsNode::on_configure(const rclcpp_lifecycle::State& /*previous_state*/[01;31m[K)[m[K {
[3.947s]       |                                                                            [01;31m[K^[m[K
[3.947s] In file included from [01m[K/workspace/src/embedded_system/ublox_gps_driver/src/gps_node.cpp:1[m[K:
[3.948s] [01m[K/workspace/src/embedded_system/ublox_gps_driver/include/ublox_gps_driver/gps_node.hpp:20:11:[m[K [01;36m[Knote: [m[Kforward declaration of â€˜[01m[Kclass ublox::GpsNode[m[Kâ€™
[3.948s]    20 |     class [01;36m[KGpsNode[m[K : public rcpp_lifecycle::LifecycleNode {
[3.949s]       |           [01;36m[K^~~~~~~[m[K
[3.949s] [01m[K/workspace/src/embedded_system/ublox_gps_driver/src/gps_node.cpp:199:75:[m[K [01;31m[Kerror: [m[Kinvalid use of incomplete type â€˜[01m[Kclass ublox::GpsNode[m[Kâ€™
[3.950s]   199 |     GpsNode::on_activate(const rclcpp_lifecycle::State& /*previous_state*/[01;31m[K)[m[K {
[3.950s]       |                                                                           [01;31m[K^[m[K
[3.950s] In file included from [01m[K/workspace/src/embedded_system/ublox_gps_driver/src/gps_node.cpp:1[m[K:
[3.951s] [01m[K/workspace/src/embedded_system/ublox_gps_driver/include/ublox_gps_driver/gps_node.hpp:20:11:[m[K [01;36m[Knote: [m[Kforward declaration of â€˜[01m[Kclass ublox::GpsNode[m[Kâ€™
[3.951s]    20 |     class [01;36m[KGpsNode[m[K : public rcpp_lifecycle::LifecycleNode {
[3.951s]       |           [01;36m[K^~~~~~~[m[K
[3.952s] [01m[K/workspace/src/embedded_system/ublox_gps_driver/src/gps_node.cpp:215:77:[m[K [01;31m[Kerror: [m[Kinvalid use of incomplete type â€˜[01m[Kclass ublox::GpsNode[m[Kâ€™
[3.952s]   215 |     GpsNode::on_deactivate(const rclcpp_lifecycle::State& /*previous_state*/[01;31m[K)[m[K {
[3.953s]       |                                                                             [01;31m[K^[m[K
[3.953s] In file included from [01m[K/workspace/src/embedded_system/ublox_gps_driver/src/gps_node.cpp:1[m[K:
[3.954s] [01m[K/workspace/src/embedded_system/ublox_gps_driver/include/ublox_gps_driver/gps_node.hpp:20:11:[m[K [01;36m[Knote: [m[Kforward declaration of â€˜[01m[Kclass ublox::GpsNode[m[Kâ€™
[3.954s]    20 |     class [01;36m[KGpsNode[m[K : public rcpp_lifecycle::LifecycleNode {
[3.955s]       |           [01;36m[K^~~~~~~[m[K
[3.955s] [01m[K/workspace/src/embedded_system/ublox_gps_driver/src/gps_node.cpp:233:74:[m[K [01;31m[Kerror: [m[Kinvalid use of incomplete type â€˜[01m[Kclass ublox::GpsNode[m[Kâ€™
[3.956s]   233 |     GpsNode::on_cleanup(const rclcpp_lifecycle::State& /*previous_state*/[01;31m[K)[m[K {
[3.956s]       |                                                                          [01;31m[K^[m[K
[3.956s] In file included from [01m[K/workspace/src/embedded_system/ublox_gps_driver/src/gps_node.cpp:1[m[K:
[3.957s] [01m[K/workspace/src/embedded_system/ublox_gps_driver/include/ublox_gps_driver/gps_node.hpp:20:11:[m[K [01;36m[Knote: [m[Kforward declaration of â€˜[01m[Kclass ublox::GpsNode[m[Kâ€™
[3.957s]    20 |     class [01;36m[KGpsNode[m[K : public rcpp_lifecycle::LifecycleNode {
[3.958s]       |           [01;36m[K^~~~~~~[m[K
[3.958s] [01m[K/workspace/src/embedded_system/ublox_gps_driver/src/gps_node.cpp:251:75:[m[K [01;31m[Kerror: [m[Kinvalid use of incomplete type â€˜[01m[Kclass ublox::GpsNode[m[Kâ€™
[3.958s]   251 |     GpsNode::on_shutdown(const rclcpp_lifecycle::State& /*previous_state*/[01;31m[K)[m[K {
[3.959s]       |                                                                           [01;31m[K^[m[K
[3.959s] In file included from [01m[K/workspace/src/embedded_system/ublox_gps_driver/src/gps_node.cpp:1[m[K:
[3.960s] [01m[K/workspace/src/embedded_system/ublox_gps_driver/include/ublox_gps_driver/gps_node.hpp:20:11:[m[K [01;36m[Knote: [m[Kforward declaration of â€˜[01m[Kclass ublox::GpsNode[m[Kâ€™
[3.961s]    20 |     class [01;36m[KGpsNode[m[K : public rcpp_lifecycle::LifecycleNode {
[3.962s]       |           [01;36m[K^~~~~~~[m[K
[3.962s] [01m[K/workspace/src/embedded_system/ublox_gps_driver/src/gps_node.cpp:266:30:[m[K [01;31m[Kerror: [m[Kinvalid use of incomplete type â€˜[01m[Kclass ublox::GpsNode[m[Kâ€™
[3.962s]   266 |     void GpsNode::readThread([01;31m[K)[m[K {
[3.963s]       |                              [01;31m[K^[m[K
[3.963s] In file included from [01m[K/workspace/src/embedded_system/ublox_gps_driver/src/gps_node.cpp:1[m[K:
[3.964s] [01m[K/workspace/src/embedded_system/ublox_gps_driver/include/ublox_gps_driver/gps_node.hpp:20:11:[m[K [01;36m[Knote: [m[Kforward declaration of â€˜[01m[Kclass ublox::GpsNode[m[Kâ€™
[3.964s]    20 |     class [01;36m[KGpsNode[m[K : public rcpp_lifecycle::LifecycleNode {
[3.964s]       |           [01;36m[K^~~~~~~[m[K
[3.965s] [01m[K/workspace/src/embedded_system/ublox_gps_driver/src/gps_node.cpp:294:53:[m[K [01;31m[Kerror: [m[Kinvalid use of incomplete type â€˜[01m[Kclass ublox::GpsNode[m[Kâ€™
[3.965s]   294 |     void GpsNode::publishNavSatFix(const NavPVT& pvt[01;31m[K)[m[K {
[3.966s]       |                                                     [01;31m[K^[m[K
[3.966s] In file included from [01m[K/workspace/src/embedded_system/ublox_gps_driver/src/gps_node.cpp:1[m[K:
[3.967s] [01m[K/workspace/src/embedded_system/ublox_gps_driver/include/ublox_gps_driver/gps_node.hpp:20:11:[m[K [01;36m[Knote: [m[Kforward declaration of â€˜[01m[Kclass ublox::GpsNode[m[Kâ€™
[3.967s]    20 |     class [01;36m[KGpsNode[m[K : public rcpp_lifecycle::LifecycleNode {
[3.967s]       |           [01;36m[K^~~~~~~[m[K
[4.197s] In file included from [01m[K/usr/include/c++/11/bits/shared_ptr_base.h:60[m[K,
[4.198s]                  from [01m[K/usr/include/c++/11/bits/shared_ptr.h:53[m[K,
[4.198s]                  from [01m[K/usr/include/c++/11/memory:77[m[K,
[4.199s]                  from [01m[K/opt/ros/humble/include/rclcpp/rclcpp/rclcpp.hpp:153[m[K,
[4.199s]                  from [01m[K/workspace/src/embedded_system/ublox_gps_driver/src/main.cpp:1[m[K:
[4.199s] /usr/include/c++/11/ext/aligned_buffer.h: In instantiation of â€˜[01m[Kstruct __gnu_cxx::__aligned_buffer<ublox::GpsNode>[m[Kâ€™:
[4.200s] [01m[K/usr/include/c++/11/bits/shared_ptr_base.h:506:35:[m[K   required from â€˜[01m[Kclass std::_Sp_counted_ptr_inplace<ublox::GpsNode, std::allocator<ublox::GpsNode>, __gnu_cxx::_S_atomic>::_Impl[m[Kâ€™
[4.200s] [01m[K/usr/include/c++/11/bits/shared_ptr_base.h:567:13:[m[K   required from â€˜[01m[Kclass std::_Sp_counted_ptr_inplace<ublox::GpsNode, std::allocator<ublox::GpsNode>, __gnu_cxx::_S_atomic>[m[Kâ€™
[4.200s] [01m[K/usr/include/c++/11/bits/shared_ptr_base.h:647:43:[m[K   required from â€˜[01m[Kstd::__shared_count<_Lp>::__shared_count(_Tp*&, std::_Sp_alloc_shared_tag<_Alloc>, _Args&& ...) [with _Tp = ublox::GpsNode; _Alloc = std::allocator<ublox::GpsNode>; _Args = {}; __gnu_cxx::_Lock_policy _Lp = __gnu_cxx::_S_atomic][m[Kâ€™
[4.200s] [01m[K/usr/include/c++/11/bits/shared_ptr_base.h:1342:14:[m[K   required from â€˜[01m[Kstd::__shared_ptr<_Tp, _Lp>::__shared_ptr(std::_Sp_alloc_shared_tag<_Tp>, _Args&& ...) [with _Alloc = std::allocator<ublox::GpsNode>; _Args = {}; _Tp = ublox::GpsNode; __gnu_cxx::_Lock_policy _Lp = __gnu_cxx::_S_atomic][m[Kâ€™
[4.207s] [01m[K/usr/include/c++/11/bits/shared_ptr.h:409:59:[m[K   required from â€˜[01m[Kstd::shared_ptr<_Tp>::shared_ptr(std::_Sp_alloc_shared_tag<_Tp>, _Args&& ...) [with _Alloc = std::allocator<ublox::GpsNode>; _Args = {}; _Tp = ublox::GpsNode][m[Kâ€™
[4.207s] [01m[K/usr/include/c++/11/bits/shared_ptr.h:862:14:[m[K   required from â€˜[01m[Kstd::shared_ptr<_Tp> std::allocate_shared(const _Alloc&, _Args&& ...) [with _Tp = ublox::GpsNode; _Alloc = std::allocator<ublox::GpsNode>; _Args = {}][m[Kâ€™
[4.208s] [01m[K/usr/include/c++/11/bits/shared_ptr.h:878:39:[m[K   required from â€˜[01m[Kstd::shared_ptr<_Tp> std::make_shared(_Args&& ...) [with _Tp = ublox::GpsNode; _Args = {}][m[Kâ€™
[4.208s] [01m[K/workspace/src/embedded_system/ublox_gps_driver/src/main.cpp:7:49:[m[K   required from here
[4.208s] [01m[K/usr/include/c++/11/ext/aligned_buffer.h:91:28:[m[K [01;31m[Kerror: [m[Kinvalid application of â€˜[01m[Ksizeof[m[Kâ€™ to incomplete type â€˜[01m[Kublox::GpsNode[m[Kâ€™
[4.208s]    91 |     : std::aligned_storage<[01;31m[Ksizeof(_Tp)[m[K, __alignof__(_Tp)>
[4.208s]       |                            [01;31m[K^~~~~~~~~~~[m[K
[4.209s] [01m[K/usr/include/c++/11/ext/aligned_buffer.h:91:28:[m[K [01;31m[Kerror: [m[Kinvalid application of â€˜[01m[Ksizeof[m[Kâ€™ to incomplete type â€˜[01m[Kublox::GpsNode[m[Kâ€™
[4.328s] gmake[2]: *** [CMakeFiles/gps_node.dir/build.make:90: CMakeFiles/gps_node.dir/src/main.cpp.o] Error 1
[4.329s] gmake[2]: *** Waiting for unfinished jobs....
[4.374s] gmake[2]: *** [CMakeFiles/gps_node.dir/build.make:76: CMakeFiles/gps_node.dir/src/gps_node.cpp.o] Error 1
[4.374s] gmake[1]: *** [CMakeFiles/Makefile2:272: CMakeFiles/gps_node.dir/all] Error 2
[4.375s] gmake[1]: *** Waiting for unfinished jobs....
[4.695s] [ 94%] [32m[1mLinking CXX executable test_checksum[0m
[4.804s] [ 94%] Built target test_checksum
[4.806s] gmake: *** [Makefile:146: all] Error 2
[4.809s] Invoked command in '/workspace/src/build/ublox_gps_driver' returned '2': CMAKE_PREFIX_PATH=${CMAKE_PREFIX_PATH}:/opt/ros/humble /usr/bin/cmake --build /workspace/src/build/ublox_gps_driver -- -j8 -l8
