[0.007s] Invoking command in '/home/noahw/programs/machpilot/src/FSMPilot/build/fsm_ros_wrapper': CMAKE_PREFIX_PATH=${CMAKE_PREFIX_PATH}:/opt/ros/humble /usr/bin/cmake --build /home/noahw/programs/machpilot/src/FSMPilot/build/fsm_ros_wrapper -- -j32 -l32
[0.028s] [35m[1mConsolidate compiler generated dependencies of target state_machine_node[0m
[0.042s] [ 10%] [32mBuilding CXX object CMakeFiles/state_machine_node.dir/src/state_machine_node.cpp.o[0m
[1.230s] [01m[K/home/noahw/programs/machpilot/src/FSMPilot/src/state_machine_node.cpp:[m[K In function â€˜[01m[Kvoid pubish_state(std::shared_ptr<StateMachineNode>, FSMPilotStates)[m[Kâ€™:
[1.230s] [01m[K/home/noahw/programs/machpilot/src/FSMPilot/src/state_machine_node.cpp:90:43:[m[K [01;31m[Kerror: [m[Kâ€˜[01m[Kstate[m[Kâ€™ was not declared in this scope; did you mean â€˜[01m[K_xstate[m[Kâ€™?
[1.230s]    90 |     msg.data = static_cast<unsigned char>([01;31m[Kstate[m[K);
[1.230s]       |                                           [01;31m[K^~~~~[m[K
[1.230s]       |                                           [32m[K_xstate[m[K
[1.233s] [01m[K/home/noahw/programs/machpilot/src/FSMPilot/src/state_machine_node.cpp:92:5:[m[K [01;31m[Kerror: [m[Kâ€˜[01m[Kstate_publisher_[m[Kâ€™ was not declared in this scope
[1.233s]    92 |     [01;31m[Kstate_publisher_[m[K->publish(msg);
[1.233s]       |     [01;31m[K^~~~~~~~~~~~~~~~[m[K
[3.048s] gmake[2]: *** [CMakeFiles/state_machine_node.dir/build.make:90: CMakeFiles/state_machine_node.dir/src/state_machine_node.cpp.o] Error 1
[3.048s] gmake[1]: *** [CMakeFiles/Makefile2:137: CMakeFiles/state_machine_node.dir/all] Error 2
[3.048s] gmake: *** [Makefile:146: all] Error 2
[3.050s] Invoked command in '/home/noahw/programs/machpilot/src/FSMPilot/build/fsm_ros_wrapper' returned '2': CMAKE_PREFIX_PATH=${CMAKE_PREFIX_PATH}:/opt/ros/humble /usr/bin/cmake --build /home/noahw/programs/machpilot/src/FSMPilot/build/fsm_ros_wrapper -- -j32 -l32
