[35m[1mConsolidate compiler generated dependencies of target state_machine_node[0m
[ 20%] [32mBuilding CXX object CMakeFiles/state_machine_node.dir/src/ros_main.cpp.o[0m
[ 20%] [32mBuilding CXX object CMakeFiles/state_machine_node.dir/src/state_machine_node.cpp.o[0m
[01m[K/home/noahw/programs/machpilot/src/FSMPilot/src/state_machine_node.cpp:[m[K In constructor â€˜[01m[KStateMachineNode::StateMachineNode()[m[Kâ€™:
[01m[K/home/noahw/programs/machpilot/src/FSMPilot/src/state_machine_node.cpp:12:5:[m[K [01;31m[Kerror: [m[Kâ€˜[01m[KStateMachine[m[Kâ€™ has not been declared
   12 |     [01;31m[KStateMachine[m[K::start();
      |     [01;31m[K^~~~~~~~~~~~[m[K
[01m[K/home/noahw/programs/machpilot/src/FSMPilot/src/state_machine_node.cpp:[m[K In lambda function:
[01m[K/home/noahw/programs/machpilot/src/FSMPilot/src/state_machine_node.cpp:22:28:[m[K [01;31m[Kerror: [m[Kâ€˜[01m[KSUBSYSTEM_COUNT[m[Kâ€™ was not declared in this scope
   22 |             if (msg.data < [01;31m[KSUBSYSTEM_COUNT[m[K) {
      |                            [01;31m[K^~~~~~~~~~~~~~~[m[K
[01m[K/home/noahw/programs/machpilot/src/FSMPilot/src/state_machine_node.cpp:23:60:[m[K [01;31m[Kerror: [m[Kâ€˜[01m[KSubSystems[m[Kâ€™ does not name a type
   23 |                 send_event(InitializeSubsystem(static_cast<[01;31m[KSubSystems[m[K>(msg.data)));
      |                                                            [01;31m[K^~~~~~~~~~[m[K
[01m[K/home/noahw/programs/machpilot/src/FSMPilot/src/state_machine_node.cpp:23:28:[m[K [01;31m[Kerror: [m[Kâ€˜[01m[KInitializeSubsystem[m[Kâ€™ was not declared in this scope; did you mean â€˜[01m[Kinitialize_subsystem_sub_[m[Kâ€™?
   23 |                 send_event([01;31m[KInitializeSubsystem[m[K(static_cast<SubSystems>(msg.data)));
      |                            [01;31m[K^~~~~~~~~~~~~~~~~~~[m[K
      |                            [32m[Kinitialize_subsystem_sub_[m[K
[01m[K/home/noahw/programs/machpilot/src/FSMPilot/src/state_machine_node.cpp:23:17:[m[K [01;31m[Kerror: [m[Kâ€˜[01m[Ksend_event[m[Kâ€™ was not declared in this scope; did you mean â€˜[01m[Ksigevent[m[Kâ€™?
   23 |                 [01;31m[Ksend_event[m[K(InitializeSubsystem(static_cast<SubSystems>(msg.data)));
      |                 [01;31m[K^~~~~~~~~~[m[K
      |                 [32m[Ksigevent[m[K
[01m[K/home/noahw/programs/machpilot/src/FSMPilot/src/state_machine_node.cpp:[m[K In lambda function:
[01m[K/home/noahw/programs/machpilot/src/FSMPilot/src/state_machine_node.cpp:34:24:[m[K [01;31m[Kerror: [m[Kâ€˜[01m[KArmMotor[m[Kâ€™ was not declared in this scope
   34 |             send_event([01;31m[KArmMotor[m[K{});
      |                        [01;31m[K^~~~~~~~[m[K
[01m[K/home/noahw/programs/machpilot/src/FSMPilot/src/state_machine_node.cpp:34:13:[m[K [01;31m[Kerror: [m[Kâ€˜[01m[Ksend_event[m[Kâ€™ was not declared in this scope; did you mean â€˜[01m[Ksigevent[m[Kâ€™?
   34 |             [01;31m[Ksend_event[m[K(ArmMotor{});
      |             [01;31m[K^~~~~~~~~~[m[K
      |             [32m[Ksigevent[m[K
[01m[K/home/noahw/programs/machpilot/src/FSMPilot/src/state_machine_node.cpp:[m[K In lambda function:
[01m[K/home/noahw/programs/machpilot/src/FSMPilot/src/state_machine_node.cpp:42:24:[m[K [01;31m[Kerror: [m[Kâ€˜[01m[KManualControl[m[Kâ€™ was not declared in this scope; did you mean â€˜[01m[Kmanual_control_sub_[m[Kâ€™?
   42 |             send_event([01;31m[KManualControl[m[K{});
      |                        [01;31m[K^~~~~~~~~~~~~[m[K
      |                        [32m[Kmanual_control_sub_[m[K
[01m[K/home/noahw/programs/machpilot/src/FSMPilot/src/state_machine_node.cpp:42:13:[m[K [01;31m[Kerror: [m[Kâ€˜[01m[Ksend_event[m[Kâ€™ was not declared in this scope; did you mean â€˜[01m[Ksigevent[m[Kâ€™?
   42 |             [01;31m[Ksend_event[m[K(ManualControl{});
      |             [01;31m[K^~~~~~~~~~[m[K
      |             [32m[Ksigevent[m[K
[01m[K/home/noahw/programs/machpilot/src/FSMPilot/src/state_machine_node.cpp:[m[K In lambda function:
[01m[K/home/noahw/programs/machpilot/src/FSMPilot/src/state_machine_node.cpp:50:24:[m[K [01;31m[Kerror: [m[Kâ€˜[01m[KRelinquishManualControl[m[Kâ€™ was not declared in this scope; did you mean â€˜[01m[Krelinquish_manual_control_sub_[m[Kâ€™?
   50 |             send_event([01;31m[KRelinquishManualControl[m[K{});
      |                        [01;31m[K^~~~~~~~~~~~~~~~~~~~~~~[m[K
      |                        [32m[Krelinquish_manual_control_sub_[m[K
[01m[K/home/noahw/programs/machpilot/src/FSMPilot/src/state_machine_node.cpp:50:13:[m[K [01;31m[Kerror: [m[Kâ€˜[01m[Ksend_event[m[Kâ€™ was not declared in this scope; did you mean â€˜[01m[Ksigevent[m[Kâ€™?
   50 |             [01;31m[Ksend_event[m[K(RelinquishManualControl{});
      |             [01;31m[K^~~~~~~~~~[m[K
      |             [32m[Ksigevent[m[K
[01m[K/home/noahw/programs/machpilot/src/FSMPilot/src/state_machine_node.cpp:[m[K In lambda function:
[01m[K/home/noahw/programs/machpilot/src/FSMPilot/src/state_machine_node.cpp:58:24:[m[K [01;31m[Kerror: [m[Kâ€˜[01m[KDisarmEvent[m[Kâ€™ was not declared in this scope
   58 |             send_event([01;31m[KDisarmEvent[m[K{});
      |                        [01;31m[K^~~~~~~~~~~[m[K
[01m[K/home/noahw/programs/machpilot/src/FSMPilot/src/state_machine_node.cpp:58:13:[m[K [01;31m[Kerror: [m[Kâ€˜[01m[Ksend_event[m[Kâ€™ was not declared in this scope; did you mean â€˜[01m[Ksigevent[m[Kâ€™?
   58 |             [01;31m[Ksend_event[m[K(DisarmEvent{});
      |             [01;31m[K^~~~~~~~~~[m[K
      |             [32m[Ksigevent[m[K
[01m[K/home/noahw/programs/machpilot/src/FSMPilot/src/state_machine_node.cpp:[m[K In lambda function:
[01m[K/home/noahw/programs/machpilot/src/FSMPilot/src/state_machine_node.cpp:66:24:[m[K [01;31m[Kerror: [m[Kâ€˜[01m[KShutdownEvent[m[Kâ€™ was not declared in this scope; did you mean â€˜[01m[Kshutdown_event_sub_[m[Kâ€™?
   66 |             send_event([01;31m[KShutdownEvent[m[K{});
      |                        [01;31m[K^~~~~~~~~~~~~[m[K
      |                        [32m[Kshutdown_event_sub_[m[K
[01m[K/home/noahw/programs/machpilot/src/FSMPilot/src/state_machine_node.cpp:66:13:[m[K [01;31m[Kerror: [m[Kâ€˜[01m[Ksend_event[m[Kâ€™ was not declared in this scope; did you mean â€˜[01m[Ksigevent[m[Kâ€™?
   66 |             [01;31m[Ksend_event[m[K(ShutdownEvent{});
      |             [01;31m[K^~~~~~~~~~[m[K
      |             [32m[Ksigevent[m[K
[01m[K/home/noahw/programs/machpilot/src/FSMPilot/src/state_machine_node.cpp:[m[K In lambda function:
[01m[K/home/noahw/programs/machpilot/src/FSMPilot/src/state_machine_node.cpp:74:24:[m[K [01;31m[Kerror: [m[Kâ€˜[01m[KOnFireEvent[m[Kâ€™ was not declared in this scope
   74 |             send_event([01;31m[KOnFireEvent[m[K{});
      |                        [01;31m[K^~~~~~~~~~~[m[K
[01m[K/home/noahw/programs/machpilot/src/FSMPilot/src/state_machine_node.cpp:74:13:[m[K [01;31m[Kerror: [m[Kâ€˜[01m[Ksend_event[m[Kâ€™ was not declared in this scope; did you mean â€˜[01m[Ksigevent[m[Kâ€™?
   74 |             [01;31m[Ksend_event[m[K(OnFireEvent{});
      |             [01;31m[K^~~~~~~~~~[m[K
      |             [32m[Ksigevent[m[K
[01m[K/home/noahw/programs/machpilot/src/FSMPilot/src/state_machine_node.cpp:[m[K In lambda function:
[01m[K/home/noahw/programs/machpilot/src/FSMPilot/src/state_machine_node.cpp:82:24:[m[K [01;31m[Kerror: [m[Kâ€˜[01m[KFireSuppressedEvent[m[Kâ€™ was not declared in this scope; did you mean â€˜[01m[Kfire_suppressed_event_sub_[m[Kâ€™?
   82 |             send_event([01;31m[KFireSuppressedEvent[m[K{});
      |                        [01;31m[K^~~~~~~~~~~~~~~~~~~[m[K
      |                        [32m[Kfire_suppressed_event_sub_[m[K
[01m[K/home/noahw/programs/machpilot/src/FSMPilot/src/state_machine_node.cpp:82:13:[m[K [01;31m[Kerror: [m[Kâ€˜[01m[Ksend_event[m[Kâ€™ was not declared in this scope; did you mean â€˜[01m[Ksigevent[m[Kâ€™?
   82 |             [01;31m[Ksend_event[m[K(FireSuppressedEvent{});
      |             [01;31m[K^~~~~~~~~~[m[K
      |             [32m[Ksigevent[m[K
gmake[2]: *** [CMakeFiles/state_machine_node.dir/build.make:90: CMakeFiles/state_machine_node.dir/src/state_machine_node.cpp.o] Error 1
gmake[1]: *** [CMakeFiles/Makefile2:137: CMakeFiles/state_machine_node.dir/all] Error 2
gmake: *** [Makefile:146: all] Error 2
