[0.009s] Invoking command in '/home/noahw/programs/machpilot/src/FSMPilot/build/fsm_ros_wrapper': CMAKE_PREFIX_PATH=${CMAKE_PREFIX_PATH}:/opt/ros/humble /usr/bin/cmake --build /home/noahw/programs/machpilot/src/FSMPilot/build/fsm_ros_wrapper -- -j32 -l32
[0.071s] [35m[1mConsolidate compiler generated dependencies of target state_machine_node[0m
[0.086s] [ 20%] [32mBuilding CXX object CMakeFiles/state_machine_node.dir/src/ros_main.cpp.o[0m
[0.086s] [ 20%] [32mBuilding CXX object CMakeFiles/state_machine_node.dir/src/state_machine_node.cpp.o[0m
[1.571s] [01m[K/home/noahw/programs/machpilot/src/FSMPilot/src/state_machine_node.cpp:[m[K In constructor â€˜[01m[KStateMachineNode::StateMachineNode()[m[Kâ€™:
[1.571s] [01m[K/home/noahw/programs/machpilot/src/FSMPilot/src/state_machine_node.cpp:12:5:[m[K [01;31m[Kerror: [m[Kâ€˜[01m[KStateMachine[m[Kâ€™ has not been declared
[1.571s]    12 |     [01;31m[KStateMachine[m[K::start();
[1.571s]       |     [01;31m[K^~~~~~~~~~~~[m[K
[1.578s] [01m[K/home/noahw/programs/machpilot/src/FSMPilot/src/state_machine_node.cpp:[m[K In lambda function:
[1.578s] [01m[K/home/noahw/programs/machpilot/src/FSMPilot/src/state_machine_node.cpp:22:28:[m[K [01;31m[Kerror: [m[Kâ€˜[01m[KSUBSYSTEM_COUNT[m[Kâ€™ was not declared in this scope
[1.578s]    22 |             if (msg.data < [01;31m[KSUBSYSTEM_COUNT[m[K) {
[1.578s]       |                            [01;31m[K^~~~~~~~~~~~~~~[m[K
[1.579s] [01m[K/home/noahw/programs/machpilot/src/FSMPilot/src/state_machine_node.cpp:23:60:[m[K [01;31m[Kerror: [m[Kâ€˜[01m[KSubSystems[m[Kâ€™ does not name a type
[1.579s]    23 |                 send_event(InitializeSubsystem(static_cast<[01;31m[KSubSystems[m[K>(msg.data)));
[1.579s]       |                                                            [01;31m[K^~~~~~~~~~[m[K
[1.584s] [01m[K/home/noahw/programs/machpilot/src/FSMPilot/src/state_machine_node.cpp:23:28:[m[K [01;31m[Kerror: [m[Kâ€˜[01m[KInitializeSubsystem[m[Kâ€™ was not declared in this scope; did you mean â€˜[01m[Kinitialize_subsystem_sub_[m[Kâ€™?
[1.585s]    23 |                 send_event([01;31m[KInitializeSubsystem[m[K(static_cast<SubSystems>(msg.data)));
[1.585s]       |                            [01;31m[K^~~~~~~~~~~~~~~~~~~[m[K
[1.585s]       |                            [32m[Kinitialize_subsystem_sub_[m[K
[1.588s] [01m[K/home/noahw/programs/machpilot/src/FSMPilot/src/state_machine_node.cpp:23:17:[m[K [01;31m[Kerror: [m[Kâ€˜[01m[Ksend_event[m[Kâ€™ was not declared in this scope; did you mean â€˜[01m[Ksigevent[m[Kâ€™?
[1.588s]    23 |                 [01;31m[Ksend_event[m[K(InitializeSubsystem(static_cast<SubSystems>(msg.data)));
[1.588s]       |                 [01;31m[K^~~~~~~~~~[m[K
[1.588s]       |                 [32m[Ksigevent[m[K
[1.593s] [01m[K/home/noahw/programs/machpilot/src/FSMPilot/src/state_machine_node.cpp:[m[K In lambda function:
[1.593s] [01m[K/home/noahw/programs/machpilot/src/FSMPilot/src/state_machine_node.cpp:34:24:[m[K [01;31m[Kerror: [m[Kâ€˜[01m[KArmMotor[m[Kâ€™ was not declared in this scope
[1.593s]    34 |             send_event([01;31m[KArmMotor[m[K{});
[1.593s]       |                        [01;31m[K^~~~~~~~[m[K
[1.596s] [01m[K/home/noahw/programs/machpilot/src/FSMPilot/src/state_machine_node.cpp:34:13:[m[K [01;31m[Kerror: [m[Kâ€˜[01m[Ksend_event[m[Kâ€™ was not declared in this scope; did you mean â€˜[01m[Ksigevent[m[Kâ€™?
[1.596s]    34 |             [01;31m[Ksend_event[m[K(ArmMotor{});
[1.596s]       |             [01;31m[K^~~~~~~~~~[m[K
[1.596s]       |             [32m[Ksigevent[m[K
[1.600s] [01m[K/home/noahw/programs/machpilot/src/FSMPilot/src/state_machine_node.cpp:[m[K In lambda function:
[1.600s] [01m[K/home/noahw/programs/machpilot/src/FSMPilot/src/state_machine_node.cpp:42:24:[m[K [01;31m[Kerror: [m[Kâ€˜[01m[KManualControl[m[Kâ€™ was not declared in this scope; did you mean â€˜[01m[Kmanual_control_sub_[m[Kâ€™?
[1.600s]    42 |             send_event([01;31m[KManualControl[m[K{});
[1.600s]       |                        [01;31m[K^~~~~~~~~~~~~[m[K
[1.600s]       |                        [32m[Kmanual_control_sub_[m[K
[1.603s] [01m[K/home/noahw/programs/machpilot/src/FSMPilot/src/state_machine_node.cpp:42:13:[m[K [01;31m[Kerror: [m[Kâ€˜[01m[Ksend_event[m[Kâ€™ was not declared in this scope; did you mean â€˜[01m[Ksigevent[m[Kâ€™?
[1.603s]    42 |             [01;31m[Ksend_event[m[K(ManualControl{});
[1.603s]       |             [01;31m[K^~~~~~~~~~[m[K
[1.603s]       |             [32m[Ksigevent[m[K
[1.609s] [01m[K/home/noahw/programs/machpilot/src/FSMPilot/src/state_machine_node.cpp:[m[K In lambda function:
[1.609s] [01m[K/home/noahw/programs/machpilot/src/FSMPilot/src/state_machine_node.cpp:50:24:[m[K [01;31m[Kerror: [m[Kâ€˜[01m[KRelinquishManualControl[m[Kâ€™ was not declared in this scope; did you mean â€˜[01m[Krelinquish_manual_control_sub_[m[Kâ€™?
[1.609s]    50 |             send_event([01;31m[KRelinquishManualControl[m[K{});
[1.609s]       |                        [01;31m[K^~~~~~~~~~~~~~~~~~~~~~~[m[K
[1.609s]       |                        [32m[Krelinquish_manual_control_sub_[m[K
[1.612s] [01m[K/home/noahw/programs/machpilot/src/FSMPilot/src/state_machine_node.cpp:50:13:[m[K [01;31m[Kerror: [m[Kâ€˜[01m[Ksend_event[m[Kâ€™ was not declared in this scope; did you mean â€˜[01m[Ksigevent[m[Kâ€™?
[1.612s]    50 |             [01;31m[Ksend_event[m[K(RelinquishManualControl{});
[1.612s]       |             [01;31m[K^~~~~~~~~~[m[K
[1.613s]       |             [32m[Ksigevent[m[K
[1.616s] [01m[K/home/noahw/programs/machpilot/src/FSMPilot/src/state_machine_node.cpp:[m[K In lambda function:
[1.616s] [01m[K/home/noahw/programs/machpilot/src/FSMPilot/src/state_machine_node.cpp:58:24:[m[K [01;31m[Kerror: [m[Kâ€˜[01m[KDisarmEvent[m[Kâ€™ was not declared in this scope
[1.616s]    58 |             send_event([01;31m[KDisarmEvent[m[K{});
[1.616s]       |                        [01;31m[K^~~~~~~~~~~[m[K
[1.619s] [01m[K/home/noahw/programs/machpilot/src/FSMPilot/src/state_machine_node.cpp:58:13:[m[K [01;31m[Kerror: [m[Kâ€˜[01m[Ksend_event[m[Kâ€™ was not declared in this scope; did you mean â€˜[01m[Ksigevent[m[Kâ€™?
[1.619s]    58 |             [01;31m[Ksend_event[m[K(DisarmEvent{});
[1.619s]       |             [01;31m[K^~~~~~~~~~[m[K
[1.619s]       |             [32m[Ksigevent[m[K
[1.624s] [01m[K/home/noahw/programs/machpilot/src/FSMPilot/src/state_machine_node.cpp:[m[K In lambda function:
[1.624s] [01m[K/home/noahw/programs/machpilot/src/FSMPilot/src/state_machine_node.cpp:66:24:[m[K [01;31m[Kerror: [m[Kâ€˜[01m[KShutdownEvent[m[Kâ€™ was not declared in this scope; did you mean â€˜[01m[Kshutdown_event_sub_[m[Kâ€™?
[1.624s]    66 |             send_event([01;31m[KShutdownEvent[m[K{});
[1.624s]       |                        [01;31m[K^~~~~~~~~~~~~[m[K
[1.624s]       |                        [32m[Kshutdown_event_sub_[m[K
[1.627s] [01m[K/home/noahw/programs/machpilot/src/FSMPilot/src/state_machine_node.cpp:66:13:[m[K [01;31m[Kerror: [m[Kâ€˜[01m[Ksend_event[m[Kâ€™ was not declared in this scope; did you mean â€˜[01m[Ksigevent[m[Kâ€™?
[1.627s]    66 |             [01;31m[Ksend_event[m[K(ShutdownEvent{});
[1.627s]       |             [01;31m[K^~~~~~~~~~[m[K
[1.628s]       |             [32m[Ksigevent[m[K
[1.631s] [01m[K/home/noahw/programs/machpilot/src/FSMPilot/src/state_machine_node.cpp:[m[K In lambda function:
[1.631s] [01m[K/home/noahw/programs/machpilot/src/FSMPilot/src/state_machine_node.cpp:74:24:[m[K [01;31m[Kerror: [m[Kâ€˜[01m[KOnFireEvent[m[Kâ€™ was not declared in this scope
[1.631s]    74 |             send_event([01;31m[KOnFireEvent[m[K{});
[1.631s]       |                        [01;31m[K^~~~~~~~~~~[m[K
[1.635s] [01m[K/home/noahw/programs/machpilot/src/FSMPilot/src/state_machine_node.cpp:74:13:[m[K [01;31m[Kerror: [m[Kâ€˜[01m[Ksend_event[m[Kâ€™ was not declared in this scope; did you mean â€˜[01m[Ksigevent[m[Kâ€™?
[1.635s]    74 |             [01;31m[Ksend_event[m[K(OnFireEvent{});
[1.635s]       |             [01;31m[K^~~~~~~~~~[m[K
[1.635s]       |             [32m[Ksigevent[m[K
[1.640s] [01m[K/home/noahw/programs/machpilot/src/FSMPilot/src/state_machine_node.cpp:[m[K In lambda function:
[1.640s] [01m[K/home/noahw/programs/machpilot/src/FSMPilot/src/state_machine_node.cpp:82:24:[m[K [01;31m[Kerror: [m[Kâ€˜[01m[KFireSuppressedEvent[m[Kâ€™ was not declared in this scope; did you mean â€˜[01m[Kfire_suppressed_event_sub_[m[Kâ€™?
[1.640s]    82 |             send_event([01;31m[KFireSuppressedEvent[m[K{});
[1.640s]       |                        [01;31m[K^~~~~~~~~~~~~~~~~~~[m[K
[1.640s]       |                        [32m[Kfire_suppressed_event_sub_[m[K
[1.644s] [01m[K/home/noahw/programs/machpilot/src/FSMPilot/src/state_machine_node.cpp:82:13:[m[K [01;31m[Kerror: [m[Kâ€˜[01m[Ksend_event[m[Kâ€™ was not declared in this scope; did you mean â€˜[01m[Ksigevent[m[Kâ€™?
[1.644s]    82 |             [01;31m[Ksend_event[m[K(FireSuppressedEvent{});
[1.644s]       |             [01;31m[K^~~~~~~~~~[m[K
[1.644s]       |             [32m[Ksigevent[m[K
[3.498s] gmake[2]: *** [CMakeFiles/state_machine_node.dir/build.make:90: CMakeFiles/state_machine_node.dir/src/state_machine_node.cpp.o] Error 1
[3.498s] gmake[1]: *** [CMakeFiles/Makefile2:137: CMakeFiles/state_machine_node.dir/all] Error 2
[3.498s] gmake: *** [Makefile:146: all] Error 2
[3.500s] Invoked command in '/home/noahw/programs/machpilot/src/FSMPilot/build/fsm_ros_wrapper' returned '2': CMAKE_PREFIX_PATH=${CMAKE_PREFIX_PATH}:/opt/ros/humble /usr/bin/cmake --build /home/noahw/programs/machpilot/src/FSMPilot/build/fsm_ros_wrapper -- -j32 -l32
