[0.006s] Invoking command in '/home/noahw/programs/machpilot/src/FSMPilot/build/fsm_ros_wrapper': CMAKE_PREFIX_PATH=${CMAKE_PREFIX_PATH}:/opt/ros/humble /usr/bin/cmake --build /home/noahw/programs/machpilot/src/FSMPilot/build/fsm_ros_wrapper -- -j32 -l32
[0.028s] [35m[1mConsolidate compiler generated dependencies of target state_machine_node[0m
[0.043s] [ 10%] [32mBuilding CXX object CMakeFiles/state_machine_node.dir/src/ros_main.cpp.o[0m
[0.043s] [ 20%] [32mBuilding CXX object CMakeFiles/state_machine_node.dir/src/state_machine_node.cpp.o[0m
[0.043s] [ 30%] [32mBuilding CXX object CMakeFiles/state_machine_node.dir/src/FSMPilot.cpp.o[0m
[1.291s] In file included from [01m[K/home/noahw/programs/machpilot/src/FSMPilot/include/fsm_ros_wrapper/state_machine_node.hpp:8[m[K,
[1.291s]                  from [01m[K/home/noahw/programs/machpilot/src/FSMPilot/src/state_machine_node.cpp:1[m[K:
[1.291s] [01m[K/home/noahw/programs/machpilot/src/FSMPilot/src/FSMPilot.hpp:20:17:[m[K [01;31m[Kerror: [m[Kâ€˜[01m[KStateMachineNode[m[Kâ€™ was not declared in this scope
[1.291s]    20 | std::shared_ptr<[01;31m[KStateMachineNode[m[K> output_node;
[1.291s]       |                 [01;31m[K^~~~~~~~~~~~~~~~[m[K
[1.291s] [01m[K/home/noahw/programs/machpilot/src/FSMPilot/src/FSMPilot.hpp:20:33:[m[K [01;31m[Kerror: [m[Ktemplate argument 1 is invalid
[1.291s]    20 | std::shared_ptr<StateMachineNode[01;31m[K>[m[K output_node;
[1.291s]       |                                 [01;31m[K^[m[K
[1.310s] In file included from [01m[K/home/noahw/programs/machpilot/src/FSMPilot/include/fsm_ros_wrapper/state_machine_node.hpp:8[m[K,
[1.310s]                  from [01m[K/home/noahw/programs/machpilot/src/FSMPilot/src/ros_main.cpp:2[m[K:
[1.310s] [01m[K/home/noahw/programs/machpilot/src/FSMPilot/src/FSMPilot.hpp:20:17:[m[K [01;31m[Kerror: [m[Kâ€˜[01m[KStateMachineNode[m[Kâ€™ was not declared in this scope
[1.310s]    20 | std::shared_ptr<[01;31m[KStateMachineNode[m[K> output_node;
[1.310s]       |                 [01;31m[K^~~~~~~~~~~~~~~~[m[K
[1.310s] [01m[K/home/noahw/programs/machpilot/src/FSMPilot/src/FSMPilot.hpp:20:33:[m[K [01;31m[Kerror: [m[Ktemplate argument 1 is invalid
[1.310s]    20 | std::shared_ptr<StateMachineNode[01;31m[K>[m[K output_node;
[1.310s]       |                                 [01;31m[K^[m[K
[1.356s] [01m[K/home/noahw/programs/machpilot/src/FSMPilot/src/ros_main.cpp:[m[K In function â€˜[01m[Kint main(int, char**)[m[Kâ€™:
[1.356s] [01m[K/home/noahw/programs/machpilot/src/FSMPilot/src/ros_main.cpp:9:17:[m[K [01;31m[Kerror: [m[Kcannot convert â€˜[01m[Kstd::shared_ptr<StateMachineNode>[m[Kâ€™ to â€˜[01m[Kint[m[Kâ€™ in assignment
[1.356s]     9 |     output_node=[01;31m[Knode[m[K;
[1.356s]       |                 [01;31m[K^~~~[m[K
[1.356s]       |                 [01;31m[K|[m[K
[1.356s]       |                 [01;31m[Kstd::shared_ptr<StateMachineNode>[m[K
[1.602s] gmake[2]: *** [CMakeFiles/state_machine_node.dir/build.make:76: CMakeFiles/state_machine_node.dir/src/ros_main.cpp.o] Error 1
[1.602s] gmake[2]: *** Waiting for unfinished jobs....
[3.110s] gmake[2]: *** [CMakeFiles/state_machine_node.dir/build.make:90: CMakeFiles/state_machine_node.dir/src/state_machine_node.cpp.o] Error 1
[3.111s] gmake[1]: *** [CMakeFiles/Makefile2:137: CMakeFiles/state_machine_node.dir/all] Error 2
[3.111s] gmake: *** [Makefile:146: all] Error 2
[3.112s] Invoked command in '/home/noahw/programs/machpilot/src/FSMPilot/build/fsm_ros_wrapper' returned '2': CMAKE_PREFIX_PATH=${CMAKE_PREFIX_PATH}:/opt/ros/humble /usr/bin/cmake --build /home/noahw/programs/machpilot/src/FSMPilot/build/fsm_ros_wrapper -- -j32 -l32
