[0.012s] Invoking command in '/home/noahw/programs/machpilot/src/FSMPilot/build/fsm_ros_wrapper': CMAKE_PREFIX_PATH=${CMAKE_PREFIX_PATH}:/opt/ros/humble /usr/bin/cmake --build /home/noahw/programs/machpilot/src/FSMPilot/build/fsm_ros_wrapper -- -j32 -l32
[0.066s] [35m[1mConsolidate compiler generated dependencies of target state_machine_node[0m
[0.079s] [ 10%] [32mBuilding CXX object CMakeFiles/state_machine_node.dir/src/ros_main.cpp.o[0m
[0.079s] [ 20%] [32mBuilding CXX object CMakeFiles/state_machine_node.dir/src/state_machine_node.cpp.o[0m
[0.079s] [ 30%] [32mBuilding CXX object CMakeFiles/state_machine_node.dir/src/FSMPilotStates.cpp.o[0m
[1.531s] In file included from [01m[K/home/noahw/programs/machpilot/src/FSMPilot/src/ros_main.cpp:2[m[K:
[1.531s] [01m[K/home/noahw/programs/machpilot/src/FSMPilot/include/fsm_ros_wrapper/state_machine_node.hpp:19:38:[m[K [01;31m[Kerror: [m[Kâ€˜[01m[KUInt8[m[Kâ€™ is not a member of â€˜[01m[Kstd_msgs::msg[m[Kâ€™; did you mean â€˜[01m[KUInt64[m[Kâ€™?
[1.531s]    19 |     rclcpp::Publisher<std_msgs::msg::[01;31m[KUInt8[m[K>::SharedPtr state_publisher;
[1.531s]       |                                      [01;31m[K^~~~~[m[K
[1.531s]       |                                      [32m[KUInt64[m[K
[1.531s] [01m[K/home/noahw/programs/machpilot/src/FSMPilot/include/fsm_ros_wrapper/state_machine_node.hpp:19:43:[m[K [01;31m[Kerror: [m[Ktemplate argument 1 is invalid
[1.531s]    19 |     rclcpp::Publisher<std_msgs::msg::UInt8[01;31m[K>[m[K::SharedPtr state_publisher;
[1.531s]       |                                           [01;31m[K^[m[K
[1.531s] In file included from [01m[K/home/noahw/programs/machpilot/src/FSMPilot/src/state_machine_node.cpp:1[m[K:
[1.531s] [01m[K/home/noahw/programs/machpilot/src/FSMPilot/include/fsm_ros_wrapper/state_machine_node.hpp:19:38:[m[K [01;31m[Kerror: [m[Kâ€˜[01m[KUInt8[m[Kâ€™ is not a member of â€˜[01m[Kstd_msgs::msg[m[Kâ€™; did you mean â€˜[01m[KUInt64[m[Kâ€™?
[1.531s]    19 |     rclcpp::Publisher<std_msgs::msg::[01;31m[KUInt8[m[K>::SharedPtr state_publisher;
[1.531s]       |                                      [01;31m[K^~~~~[m[K
[1.531s]       |                                      [32m[KUInt64[m[K
[1.531s] [01m[K/home/noahw/programs/machpilot/src/FSMPilot/include/fsm_ros_wrapper/state_machine_node.hpp:19:43:[m[K [01;31m[Kerror: [m[Ktemplate argument 1 is invalid
[1.531s]    19 |     rclcpp::Publisher<std_msgs::msg::UInt8[01;31m[K>[m[K::SharedPtr state_publisher;
[1.531s]       |                                           [01;31m[K^[m[K
[1.532s] In file included from [01m[K/home/noahw/programs/machpilot/src/FSMPilot/src/FSMPilotStates.cpp:1[m[K:
[1.532s] [01m[K/home/noahw/programs/machpilot/src/FSMPilot/include/fsm_ros_wrapper/state_machine_node.hpp:19:38:[m[K [01;31m[Kerror: [m[Kâ€˜[01m[KUInt8[m[Kâ€™ is not a member of â€˜[01m[Kstd_msgs::msg[m[Kâ€™; did you mean â€˜[01m[KUInt64[m[Kâ€™?
[1.532s]    19 |     rclcpp::Publisher<std_msgs::msg::[01;31m[KUInt8[m[K>::SharedPtr state_publisher;
[1.532s]       |                                      [01;31m[K^~~~~[m[K
[1.532s]       |                                      [32m[KUInt64[m[K
[1.532s] [01m[K/home/noahw/programs/machpilot/src/FSMPilot/include/fsm_ros_wrapper/state_machine_node.hpp:19:43:[m[K [01;31m[Kerror: [m[Ktemplate argument 1 is invalid
[1.532s]    19 |     rclcpp::Publisher<std_msgs::msg::UInt8[01;31m[K>[m[K::SharedPtr state_publisher;
[1.532s]       |                                           [01;31m[K^[m[K
[1.534s] [01m[K/home/noahw/programs/machpilot/src/FSMPilot/include/fsm_ros_wrapper/state_machine_node.hpp:19:46:[m[K [01;31m[Kerror: [m[Kexpected â€˜[01m[K;[m[Kâ€™ at end of member declaration
[1.534s]    19 |     rclcpp::Publisher<std_msgs::msg::UInt8>::[01;31m[KSharedPtr[m[K state_publisher;
[1.534s]       |                                              [01;31m[K^~~~~~~~~[m[K
[1.534s]       |                                                       [32m[K;[m[K
[1.534s] [01m[K/home/noahw/programs/machpilot/src/FSMPilot/include/fsm_ros_wrapper/state_machine_node.hpp:19:46:[m[K [01;31m[Kerror: [m[Kexpected â€˜[01m[K;[m[Kâ€™ at end of member declaration
[1.534s]    19 |     rclcpp::Publisher<std_msgs::msg::UInt8>::[01;31m[KSharedPtr[m[K state_publisher;
[1.534s]       |                                              [01;31m[K^~~~~~~~~[m[K
[1.534s]       |                                                       [32m[K;[m[K
[1.534s] [01m[K/home/noahw/programs/machpilot/src/FSMPilot/include/fsm_ros_wrapper/state_machine_node.hpp:19:46:[m[K [01;31m[Kerror: [m[Kexpected â€˜[01m[K;[m[Kâ€™ at end of member declaration
[1.534s]    19 |     rclcpp::Publisher<std_msgs::msg::UInt8>::[01;31m[KSharedPtr[m[K state_publisher;
[1.534s]       |                                              [01;31m[K^~~~~~~~~[m[K
[1.535s]       |                                                       [32m[K;[m[K
[1.536s] [01m[K/home/noahw/programs/machpilot/src/FSMPilot/include/fsm_ros_wrapper/state_machine_node.hpp:19:56:[m[K [01;31m[Kerror: [m[Kâ€˜[01m[Kstate_publisher[m[Kâ€™ does not name a type
[1.536s]    19 |     rclcpp::Publisher<std_msgs::msg::UInt8>::SharedPtr [01;31m[Kstate_publisher[m[K;
[1.536s]       |                                                        [01;31m[K^~~~~~~~~~~~~~~[m[K
[1.536s] [01m[K/home/noahw/programs/machpilot/src/FSMPilot/include/fsm_ros_wrapper/state_machine_node.hpp:19:56:[m[K [01;31m[Kerror: [m[Kâ€˜[01m[Kstate_publisher[m[Kâ€™ does not name a type
[1.536s]    19 |     rclcpp::Publisher<std_msgs::msg::UInt8>::SharedPtr [01;31m[Kstate_publisher[m[K;
[1.536s]       |                                                        [01;31m[K^~~~~~~~~~~~~~~[m[K
[1.537s] [01m[K/home/noahw/programs/machpilot/src/FSMPilot/include/fsm_ros_wrapper/state_machine_node.hpp:19:56:[m[K [01;31m[Kerror: [m[Kâ€˜[01m[Kstate_publisher[m[Kâ€™ does not name a type
[1.537s]    19 |     rclcpp::Publisher<std_msgs::msg::UInt8>::SharedPtr [01;31m[Kstate_publisher[m[K;
[1.537s]       |                                                        [01;31m[K^~~~~~~~~~~~~~~[m[K
[1.584s] [01m[K/home/noahw/programs/machpilot/src/FSMPilot/src/FSMPilotStates.cpp:4:27:[m[K [01;31m[Kerror: [m[Kâ€˜[01m[KFSMPilotStates[m[Kâ€™ was not declared in this scope
[1.584s]     4 | std::string_view get_name([01;31m[KFSMPilotStates[m[K state) {
[1.584s]       |                           [01;31m[K^~~~~~~~~~~~~~[m[K
[1.584s] [01m[K/home/noahw/programs/machpilot/src/FSMPilot/src/FSMPilotStates.cpp:4:49:[m[K [01;31m[Kerror: [m[Kexpected â€˜[01m[K,[m[Kâ€™ or â€˜[01m[K;[m[Kâ€™ before â€˜[01m[K{[m[Kâ€™ token
[1.584s]     4 | std::string_view get_name(FSMPilotStates state) [01;31m[K{[m[K
[1.584s]       |                                                 [01;31m[K^[m[K
[1.593s] [01m[K/home/noahw/programs/machpilot/src/FSMPilot/src/state_machine_node.cpp:[m[K In constructor â€˜[01m[KStateMachineNode::StateMachineNode()[m[Kâ€™:
[1.593s] [01m[K/home/noahw/programs/machpilot/src/FSMPilot/src/state_machine_node.cpp:26:5:[m[K [01;31m[Kerror: [m[Kâ€˜[01m[Kstate_publisher_[m[Kâ€™ was not declared in this scope; did you mean â€˜[01m[Kcreate_publisher[m[Kâ€™?
[1.593s]    26 |     [01;31m[Kstate_publisher_[m[K = this->create_publisher<std_msgs::msg::String>("fsm/current_state", 10);
[1.593s]       |     [01;31m[K^~~~~~~~~~~~~~~~[m[K
[1.593s]       |     [32m[Kcreate_publisher[m[K
[1.847s] gmake[2]: *** [CMakeFiles/state_machine_node.dir/build.make:188: CMakeFiles/state_machine_node.dir/src/FSMPilotStates.cpp.o] Error 1
[1.847s] gmake[2]: *** Waiting for unfinished jobs....
[1.853s] gmake[2]: *** [CMakeFiles/state_machine_node.dir/build.make:76: CMakeFiles/state_machine_node.dir/src/ros_main.cpp.o] Error 1
[3.493s] gmake[2]: *** [CMakeFiles/state_machine_node.dir/build.make:90: CMakeFiles/state_machine_node.dir/src/state_machine_node.cpp.o] Error 1
[3.493s] gmake[1]: *** [CMakeFiles/Makefile2:137: CMakeFiles/state_machine_node.dir/all] Error 2
[3.493s] gmake: *** [Makefile:146: all] Error 2
[3.496s] Invoked command in '/home/noahw/programs/machpilot/src/FSMPilot/build/fsm_ros_wrapper' returned '2': CMAKE_PREFIX_PATH=${CMAKE_PREFIX_PATH}:/opt/ros/humble /usr/bin/cmake --build /home/noahw/programs/machpilot/src/FSMPilot/build/fsm_ros_wrapper -- -j32 -l32
