[0.011s] Invoking command in '/workspace/src/build/ublox_gps_driver': CMAKE_PREFIX_PATH=${CMAKE_PREFIX_PATH}:/opt/ros/humble /usr/bin/cmake --build /workspace/src/build/ublox_gps_driver -- -j8 -l8
[0.056s] [ 23%] Built target ublox_messages
[0.056s] [ 35%] Built target gtest_main
[0.057s] [ 47%] Built target uart_lib
[0.057s] [ 47%] Built target gtest
[0.068s] [ 58%] Built target ublox_parser
[0.069s] [ 70%] Built target uart_interface
[0.070s] [ 82%] Built target test_checksum
[0.077s] [35m[1mConsolidate compiler generated dependencies of target gps_node[0m
[0.161s] [ 88%] [32mBuilding CXX object CMakeFiles/gps_node.dir/src/gps_node.cpp.o[0m
[1.283s] [01m[K/workspace/src/embedded_system/ublox_gps_driver/src/gps_node.cpp:21:23:[m[K [01;31m[Kerror: [m[Kdefinition of implicitly-declared â€˜[01m[Kvirtual ublox::GpsNode::~GpsNode()[m[Kâ€™
[1.283s]    21 |     GpsNode::~GpsNode([01;31m[K)[m[K {
[1.283s]       |                       [01;31m[K^[m[K
[1.283s] [01m[K/workspace/src/embedded_system/ublox_gps_driver/src/gps_node.cpp:[m[K In member function â€˜[01m[Kvirtual rclcpp_lifecycle::node_interfaces::LifecycleNodeInterface::CallbackReturn ublox::GpsNode::on_configure(const rclcpp_lifecycle::State&)[m[Kâ€™:
[1.283s] [01m[K/workspace/src/embedded_system/ublox_gps_driver/src/gps_node.cpp:171:79:[m[K [01;31m[Kerror: [m[Kâ€˜[01m[Krclcpp_lifecycle::node_interfaces::LifecycleNodeInterface::CallBackReturn[m[Kâ€™ has not been declared
[1.283s]   171 |             return rclcpp_lifecycle::node_interfaces::LifecycleNodeInterface::[01;31m[KCallBackReturn[m[K::FAILURE;
[1.283s]       |                                                                               [01;31m[K^~~~~~~~~~~~~~[m[K
[1.287s] [01m[K/workspace/src/embedded_system/ublox_gps_driver/src/gps_node.cpp:[m[K In lambda function:
[1.287s] [01m[K/workspace/src/embedded_system/ublox_gps_driver/src/gps_node.cpp:190:30:[m[K [01;31m[Kerror: [m[Kâ€˜[01m[Kpvt[m[Kâ€™ was not declared in this scope; did you mean â€˜[01m[Kppvt[m[Kâ€™?
[1.287s]   190 |             publishNavSatFix([01;31m[Kpvt[m[K);
[1.288s]       |                              [01;31m[K^~~[m[K
[1.288s]       |                              [32m[Kppvt[m[K
[1.288s] [01m[K/workspace/src/embedded_system/ublox_gps_driver/src/gps_node.cpp:189:57:[m[K [01;35m[Kwarning: [m[Kunused parameter â€˜[01m[Kppvt[m[Kâ€™ [[01;35m[K-Wunused-parameter[m[K]
[1.288s]   189 |         parser_->setNavPVTCallback([this]([01;35m[Kconst NavPVT& ppvt[m[K) {
[1.288s]       |                                           [01;35m[K~~~~~~~~~~~~~~^~~~[m[K
[1.679s] gmake[2]: *** [CMakeFiles/gps_node.dir/build.make:76: CMakeFiles/gps_node.dir/src/gps_node.cpp.o] Error 1
[1.680s] gmake[1]: *** [CMakeFiles/Makefile2:272: CMakeFiles/gps_node.dir/all] Error 2
[1.680s] gmake: *** [Makefile:146: all] Error 2
[1.681s] Invoked command in '/workspace/src/build/ublox_gps_driver' returned '2': CMAKE_PREFIX_PATH=${CMAKE_PREFIX_PATH}:/opt/ros/humble /usr/bin/cmake --build /workspace/src/build/ublox_gps_driver -- -j8 -l8
