[0.008s] Invoking command in '/home/noahw/programs/machpilot/src/FSMPilot/build/fsm_ros_wrapper': CMAKE_PREFIX_PATH=/opt/ros/humble /usr/bin/cmake --build /home/noahw/programs/machpilot/src/FSMPilot/build/fsm_ros_wrapper -- -j32 -l32
[0.028s] -- Found ament_cmake: 1.3.12 (/opt/ros/humble/share/ament_cmake/cmake)
[0.099s] -- Found rclcpp: 16.0.14 (/opt/ros/humble/share/rclcpp/cmake)
[0.307s] -- Found rosidl_generator_c: 3.1.7 (/opt/ros/humble/share/rosidl_generator_c/cmake)
[0.308s] -- Found rosidl_adapter: 3.1.7 (/opt/ros/humble/share/rosidl_adapter/cmake)
[0.312s] -- Found rosidl_generator_cpp: 3.1.7 (/opt/ros/humble/share/rosidl_generator_cpp/cmake)
[0.317s] -- Using all available rosidl_typesupport_c: rosidl_typesupport_fastrtps_c;rosidl_typesupport_introspection_c
[0.325s] -- Using all available rosidl_typesupport_cpp: rosidl_typesupport_fastrtps_cpp;rosidl_typesupport_introspection_cpp
[0.342s] -- Found rmw_implementation_cmake: 6.1.2 (/opt/ros/humble/share/rmw_implementation_cmake/cmake)
[0.343s] -- Found rmw_fastrtps_cpp: 6.2.8 (/opt/ros/humble/share/rmw_fastrtps_cpp/cmake)
[6.952s] -- Using RMW implementation 'rmw_fastrtps_cpp' as default
[7.016s] -- Configuring done
[7.024s] -- Generating done
[7.027s] -- Build files have been written to: /home/noahw/programs/machpilot/src/FSMPilot/build/fsm_ros_wrapper
[7.041s] [35m[1mConsolidate compiler generated dependencies of target state_machine_node[0m
[7.048s] [ 22%] [32mBuilding CXX object CMakeFiles/state_machine_node.dir/src/ros_main.cpp.o[0m
[7.048s] [ 22%] [32mBuilding CXX object CMakeFiles/state_machine_node.dir/src/state_machine_node.cpp.o[0m
[7.049s] [ 33%] [32mBuilding CXX object CMakeFiles/state_machine_node.dir/src/motorManager.cpp.o[0m
[7.049s] [ 44%] [32mBuilding CXX object CMakeFiles/state_machine_node.dir/src/ScreenManager.cpp.o[0m
[7.050s] [ 55%] [32mBuilding CXX object CMakeFiles/state_machine_node.dir/src/ErrorManager.cpp.o[0m
[7.050s] [ 77%] [32mBuilding CXX object CMakeFiles/state_machine_node.dir/src/FireManager.cpp.o[0m
[7.050s] [ 77%] [32mBuilding CXX object CMakeFiles/state_machine_node.dir/src/FSMPilot.cpp.o[0m
[7.051s] [ 88%] [32mBuilding CXX object CMakeFiles/state_machine_node.dir/src/ErrorManagerList.cpp.o[0m
[7.055s] [01m[K/home/noahw/programs/machpilot/src/FSMPilot/src/FSMPilot.cpp:1:10:[m[K [01;31m[Kfatal error: [m[KFMPilot.hpp: No such file or directory
[7.055s]     1 | #include [01;31m[K"FMPilot.hpp"[m[K
[7.055s]       |          [01;31m[K^~~~~~~~~~~~~[m[K
[7.055s] compilation terminated.
[7.056s] gmake[2]: *** [CMakeFiles/state_machine_node.dir/build.make:104: CMakeFiles/state_machine_node.dir/src/FSMPilot.cpp.o] Error 1
[7.056s] gmake[2]: *** Waiting for unfinished jobs....
[8.294s] [01m[K/home/noahw/programs/machpilot/src/FSMPilot/src/state_machine_node.cpp:[m[K In function â€˜[01m[Kstd::string screen_state_to_string(ScreenState)[m[Kâ€™:
[8.294s] [01m[K/home/noahw/programs/machpilot/src/FSMPilot/src/state_machine_node.cpp:13:27:[m[K [01;31m[Kerror: [m[Kâ€˜[01m[KBOOTING[m[Kâ€™ is not a member of â€˜[01m[KScreenState[m[Kâ€™
[8.294s]    13 |         case ScreenState::[01;31m[KBOOTING[m[K: return "BOOTING";
[8.294s]       |                           [01;31m[K^~~~~~~[m[K
[8.294s] [01m[K/home/noahw/programs/machpilot/src/FSMPilot/src/state_machine_node.cpp:14:27:[m[K [01;31m[Kerror: [m[Kâ€˜[01m[KREADY[m[Kâ€™ is not a member of â€˜[01m[KScreenState[m[Kâ€™
[8.294s]    14 |         case ScreenState::[01;31m[KREADY[m[K: return "READY";
[8.294s]       |                           [01;31m[K^~~~~[m[K
[8.294s] [01m[K/home/noahw/programs/machpilot/src/FSMPilot/src/state_machine_node.cpp:[m[K In function â€˜[01m[Kstd::string motor_sound_to_string(MotorSound)[m[Kâ€™:
[8.294s] [01m[K/home/noahw/programs/machpilot/src/FSMPilot/src/state_machine_node.cpp:23:26:[m[K [01;31m[Kerror: [m[Kâ€˜[01m[KSILENT[m[Kâ€™ is not a member of â€˜[01m[KMotorSound[m[Kâ€™
[8.294s]    23 |         case MotorSound::[01;31m[KSILENT[m[K: return "SILENT";
[8.294s]       |                          [01;31m[K^~~~~~[m[K
[8.294s] [01m[K/home/noahw/programs/machpilot/src/FSMPilot/src/state_machine_node.cpp:24:26:[m[K [01;31m[Kerror: [m[Kâ€˜[01m[KARMED_BEEP[m[Kâ€™ is not a member of â€˜[01m[KMotorSound[m[Kâ€™
[8.294s]    24 |         case MotorSound::[01;31m[KARMED_BEEP[m[K: return "ARMED_BEEP";
[8.294s]       |                          [01;31m[K^~~~~~~~~~[m[K
[8.294s] [01m[K/home/noahw/programs/machpilot/src/FSMPilot/src/state_machine_node.cpp:[m[K In constructor â€˜[01m[KStateMachineNode::StateMachineNode()[m[Kâ€™:
[8.294s] [01m[K/home/noahw/programs/machpilot/src/FSMPilot/src/state_machine_node.cpp:35:38:[m[K [01;31m[Kerror: [m[Kexpected primary-expression before â€˜[01m[K>[m[Kâ€™ token
[8.294s]    35 |     StateMachine::start<Uninitialized[01;31m[K>[m[K();
[8.294s]       |                                      [01;31m[K^[m[K
[8.294s] [01m[K/home/noahw/programs/machpilot/src/FSMPilot/src/state_machine_node.cpp:35:40:[m[K [01;31m[Kerror: [m[Kexpected primary-expression before â€˜[01m[K)[m[Kâ€™ token
[8.294s]    35 |     StateMachine::start<Uninitialized>([01;31m[K)[m[K;
[8.294s]       |                                        [01;31m[K^[m[K
[8.302s] [01m[K/home/noahw/programs/machpilot/src/FSMPilot/src/state_machine_node.cpp:[m[K In member function â€˜[01m[Kvoid StateMachineNode::publish_state_callback()[m[Kâ€™:
[8.302s] [01m[K/home/noahw/programs/machpilot/src/FSMPilot/src/state_machine_node.cpp:118:40:[m[K [01;31m[Kerror: [m[Kâ€˜[01m[Kinstance[m[Kâ€™ is not a member of â€˜[01m[KStateMachine[m[Kâ€™
[8.302s]   118 |     auto& fsm_instance = StateMachine::[01;31m[Kinstance[m[K();
[8.302s]       |                                        [01;31m[K^~~~~~~~[m[K
[10.022s] gmake[2]: *** [CMakeFiles/state_machine_node.dir/build.make:90: CMakeFiles/state_machine_node.dir/src/state_machine_node.cpp.o] Error 1
[10.022s] gmake[1]: *** [CMakeFiles/Makefile2:137: CMakeFiles/state_machine_node.dir/all] Error 2
[10.022s] gmake: *** [Makefile:146: all] Error 2
[10.024s] Invoked command in '/home/noahw/programs/machpilot/src/FSMPilot/build/fsm_ros_wrapper' returned '2': CMAKE_PREFIX_PATH=/opt/ros/humble /usr/bin/cmake --build /home/noahw/programs/machpilot/src/FSMPilot/build/fsm_ros_wrapper -- -j32 -l32
