[01m[K/home/noahw/programs/machpilot/src/FSMPilot/src/ros_main.cpp:[m[K In function â€˜[01m[Kint main(int, char**)[m[Kâ€™:
[01m[K/home/noahw/programs/machpilot/src/FSMPilot/src/ros_main.cpp:8:18:[m[K [01;31m[Kerror: [m[Kâ€˜[01m[Kget_main_node[m[Kâ€™ was not declared in this scope
    8 |     rclcpp::spin([01;31m[Kget_main_node[m[K());
      |                  [01;31m[K^~~~~~~~~~~~~[m[K
[01m[K/home/noahw/programs/machpilot/src/FSMPilot/src/FSMPilot.cpp:[m[K In member function â€˜[01m[Kvoid StateMachine::entry()[m[Kâ€™:
[01m[K/home/noahw/programs/machpilot/src/FSMPilot/src/FSMPilot.cpp:48:5:[m[K [01;31m[Kerror: [m[Kâ€˜[01m[Kget_main_node[m[Kâ€™ was not declared in this scope
   48 |     [01;31m[Kget_main_node[m[K()->publish_state(get_state());
      |     [01;31m[K^~~~~~~~~~~~~[m[K
gmake[2]: *** [CMakeFiles/state_machine_node.dir/build.make:104: CMakeFiles/state_machine_node.dir/src/FSMPilot.cpp.o] Error 1
gmake[2]: *** Waiting for unfinished jobs....
gmake[2]: *** [CMakeFiles/state_machine_node.dir/build.make:76: CMakeFiles/state_machine_node.dir/src/ros_main.cpp.o] Error 1
gmake[1]: *** [CMakeFiles/Makefile2:137: CMakeFiles/state_machine_node.dir/all] Error 2
gmake: *** [Makefile:146: all] Error 2
