[0.009s] Invoking command in '/home/noahw/programs/machpilot/src/FSMPilot/build/fsm_ros_wrapper': CMAKE_PREFIX_PATH=${CMAKE_PREFIX_PATH}:/opt/ros/humble /usr/bin/cmake --build /home/noahw/programs/machpilot/src/FSMPilot/build/fsm_ros_wrapper -- -j32 -l32
[0.065s] [35m[1mConsolidate compiler generated dependencies of target state_machine_node[0m
[0.079s] [ 10%] [32mBuilding CXX object CMakeFiles/state_machine_node.dir/src/state_machine_node.cpp.o[0m
[0.079s] [ 30%] [32mBuilding CXX object CMakeFiles/state_machine_node.dir/src/ros_main.cpp.o[0m
[0.079s] [ 30%] [32mBuilding CXX object CMakeFiles/state_machine_node.dir/src/FSMPilot.cpp.o[0m
[1.562s] [01m[K/home/noahw/programs/machpilot/src/FSMPilot/src/ros_main.cpp:[m[K In function â€˜[01m[Kint main(int, char**)[m[Kâ€™:
[1.562s] [01m[K/home/noahw/programs/machpilot/src/FSMPilot/src/ros_main.cpp:8:18:[m[K [01;31m[Kerror: [m[Kâ€˜[01m[Kget_main_node[m[Kâ€™ was not declared in this scope
[1.562s]     8 |     rclcpp::spin([01;31m[Kget_main_node[m[K());
[1.562s]       |                  [01;31m[K^~~~~~~~~~~~~[m[K
[1.564s] [01m[K/home/noahw/programs/machpilot/src/FSMPilot/src/FSMPilot.cpp:[m[K In member function â€˜[01m[Kvoid StateMachine::entry()[m[Kâ€™:
[1.564s] [01m[K/home/noahw/programs/machpilot/src/FSMPilot/src/FSMPilot.cpp:48:5:[m[K [01;31m[Kerror: [m[Kâ€˜[01m[Kget_main_node[m[Kâ€™ was not declared in this scope
[1.564s]    48 |     [01;31m[Kget_main_node[m[K()->publish_state(get_state());
[1.564s]       |     [01;31m[K^~~~~~~~~~~~~[m[K
[1.822s] gmake[2]: *** [CMakeFiles/state_machine_node.dir/build.make:104: CMakeFiles/state_machine_node.dir/src/FSMPilot.cpp.o] Error 1
[1.822s] gmake[2]: *** Waiting for unfinished jobs....
[1.822s] gmake[2]: *** [CMakeFiles/state_machine_node.dir/build.make:76: CMakeFiles/state_machine_node.dir/src/ros_main.cpp.o] Error 1
[6.649s] gmake[1]: *** [CMakeFiles/Makefile2:137: CMakeFiles/state_machine_node.dir/all] Error 2
[6.650s] gmake: *** [Makefile:146: all] Error 2
[6.652s] Invoked command in '/home/noahw/programs/machpilot/src/FSMPilot/build/fsm_ros_wrapper' returned '2': CMAKE_PREFIX_PATH=${CMAKE_PREFIX_PATH}:/opt/ros/humble /usr/bin/cmake --build /home/noahw/programs/machpilot/src/FSMPilot/build/fsm_ros_wrapper -- -j32 -l32
