[0.015s] Invoking command in '/home/noahw/programs/machpilot/src/FSMPilot/build/fsm_ros_wrapper': CMAKE_PREFIX_PATH=/opt/ros/humble /usr/bin/cmake --build /home/noahw/programs/machpilot/src/FSMPilot/build/fsm_ros_wrapper -- -j32 -l32
[0.032s] [ 10%] [32mBuilding CXX object CMakeFiles/state_machine_node.dir/src/ros_main.cpp.o[0m
[0.033s] [ 20%] [32mBuilding CXX object CMakeFiles/state_machine_node.dir/src/state_machine_node.cpp.o[0m
[0.033s] [ 30%] [32mBuilding CXX object CMakeFiles/state_machine_node.dir/src/FSMPilot.cpp.o[0m
[0.033s] [ 40%] [32mBuilding CXX object CMakeFiles/state_machine_node.dir/src/ErrorManager.cpp.o[0m
[0.034s] [ 50%] [32mBuilding CXX object CMakeFiles/state_machine_node.dir/src/FireManager.cpp.o[0m
[0.034s] [ 60%] [32mBuilding CXX object CMakeFiles/state_machine_node.dir/src/ErrorManagerList.cpp.o[0m
[0.035s] [ 70%] [32mBuilding CXX object CMakeFiles/state_machine_node.dir/src/FSMPilotStates.cpp.o[0m
[0.039s] [01m[K/home/noahw/programs/machpilot/src/FSMPilot/src/FSMPilotStates.cpp:1:10:[m[K [01;31m[Kfatal error: [m[Kfsm_ros_wrapper/FSMPilotStates.hpp: No such file or directory
[0.040s]     1 | #include [01;31m[K"fsm_ros_wrapper/FSMPilotStates.hpp"[m[K
[0.040s]       |          [01;31m[K^~~~~~~~~~~~~~~~~~~~~~~~~~~~~~~~~~~~[m[K
[0.040s] compilation terminated.
[0.040s] gmake[2]: *** [CMakeFiles/state_machine_node.dir/build.make:188: CMakeFiles/state_machine_node.dir/src/FSMPilotStates.cpp.o] Error 1
[0.040s] gmake[2]: *** Waiting for unfinished jobs....
[0.126s] [01m[K/home/noahw/programs/machpilot/src/FSMPilot/src/FSMPilot.cpp:5:10:[m[K [01;31m[Kfatal error: [m[Kfsm_ros_wrapper/state_machine_node.hpp: No such file or directory
[0.126s]     5 | #include [01;31m[K"fsm_ros_wrapper/state_machine_node.hpp"[m[K
[0.126s]       |          [01;31m[K^~~~~~~~~~~~~~~~~~~~~~~~~~~~~~~~~~~~~~~~[m[K
[0.126s] compilation terminated.
[0.128s] gmake[2]: *** [CMakeFiles/state_machine_node.dir/build.make:104: CMakeFiles/state_machine_node.dir/src/FSMPilot.cpp.o] Error 1
[3.581s] during RTL pass: ira
[3.581s] In file included from [01m[K/opt/ros/humble/include/rclcpp/rclcpp/node_impl.hpp:43[m[K,
[3.581s]                  from [01m[K/opt/ros/humble/include/rclcpp/rclcpp/node.hpp:1321[m[K,
[3.581s]                  from [01m[K/opt/ros/humble/include/rclcpp/rclcpp/executors/single_threaded_executor.hpp:28[m[K,
[3.581s]                  from [01m[K/opt/ros/humble/include/rclcpp/rclcpp/executors.hpp:22[m[K,
[3.581s]                  from [01m[K/opt/ros/humble/include/rclcpp/rclcpp/rclcpp.hpp:155[m[K,
[3.581s]                  from [01m[K/home/noahw/programs/machpilot/src/FSMPilot/src/state_machine_node.hpp:4[m[K,
[3.581s]                  from [01m[K/home/noahw/programs/machpilot/src/FSMPilot/src/state_machine_node.cpp:1[m[K:
[3.581s] [01m[K/opt/ros/humble/include/rclcpp/rclcpp/create_subscription.hpp:[m[K In function â€˜[01m[Kstd::shared_ptr<ROSMessageT> rclcpp::detail::create_subscription(NodeParametersT&, NodeTopicsT&, const string&, const rclcpp::QoS&, CallbackT&&, const rclcpp::SubscriptionOptionsWithAllocator<AllocatorT>&, typename MessageMemoryStrategyT::SharedPtr) [with MessageT = std_msgs::msg::UInt64_<std::allocator<void> >; CallbackT = StateMachineNode::StateMachineNode()::<lambda(const UInt64&)>; AllocatorT = std::allocator<void>; SubscriptionT = rclcpp::Subscription<std_msgs::msg::UInt64_<std::allocator<void> > >; MessageMemoryStrategyT = rclcpp::message_memory_strategy::MessageMemoryStrategy<std_msgs::msg::UInt64_<std::allocator<void> >, std::allocator<void> >; NodeParametersT = rclcpp::Node; NodeTopicsT = rclcpp::Node; ROSMessageType = std_msgs::msg::UInt64_<std::allocator<void> >][m[Kâ€™:
[3.581s] [01m[K/opt/ros/humble/include/rclcpp/rclcpp/create_subscription.hpp:140:1:[m[K [01;31m[Kinternal compiler error: [m[KSegmentation fault
[3.581s]   140 | [01;31m[K}[m[K
[3.581s]       | [01;31m[K^[m[K
[3.592s] 0xe34ce7 internal_error(char const*, ...)
[3.592s] 	???:0
[11.658s] [01m[Kg++:[m[K [01;31m[Kinternal compiler error: [m[KSegmentation fault signal terminated program cc1plus
[11.658s] Please submit a full bug report,
[11.658s] with preprocessed source if appropriate.
[11.658s] See <file:///usr/share/doc/gcc-11/README.Bugs> for instructions.
[11.662s] gmake[2]: *** [CMakeFiles/state_machine_node.dir/build.make:90: CMakeFiles/state_machine_node.dir/src/state_machine_node.cpp.o] Error 4
[11.662s] gmake[1]: *** [CMakeFiles/Makefile2:137: CMakeFiles/state_machine_node.dir/all] Error 2
[11.663s] gmake: *** [Makefile:146: all] Error 2
[11.665s] Invoked command in '/home/noahw/programs/machpilot/src/FSMPilot/build/fsm_ros_wrapper' returned '2': CMAKE_PREFIX_PATH=/opt/ros/humble /usr/bin/cmake --build /home/noahw/programs/machpilot/src/FSMPilot/build/fsm_ros_wrapper -- -j32 -l32
