[35m[1mConsolidate compiler generated dependencies of target state_machine_node[0m
[ 10%] [32mBuilding CXX object CMakeFiles/state_machine_node.dir/src/FSMPilot.cpp.o[0m
[01m[K/home/noahw/programs/machpilot/src/FSMPilot/src/FSMPilot.cpp:[m[K In member function â€˜[01m[Kvoid StateMachine::entry()[m[Kâ€™:
[01m[K/home/noahw/programs/machpilot/src/FSMPilot/src/FSMPilot.cpp:48:15:[m[K [01;31m[Kerror: [m[Kâ€˜[01m[Kclass std::shared_ptr<StateMachineNode>[m[Kâ€™ has no member named â€˜[01m[Kpublish_state[m[Kâ€™
   48 |     main_node.[01;31m[Kpublish_state[m[K(get_state());
      |               [01;31m[K^~~~~~~~~~~~~[m[K
gmake[2]: *** [CMakeFiles/state_machine_node.dir/build.make:104: CMakeFiles/state_machine_node.dir/src/FSMPilot.cpp.o] Error 1
gmake[1]: *** [CMakeFiles/Makefile2:137: CMakeFiles/state_machine_node.dir/all] Error 2
gmake: *** [Makefile:146: all] Error 2
