In file included from [01m[K/workspace/src/embedded_system/ublox_gps_driver/src/gps_node.cpp:1[m[K:
[01m[K/workspace/src/embedded_system/ublox_gps_driver/include/ublox_gps_driver/gps_node.hpp:29:5:[m[K [01;31m[Kerror: [m[Kâ€˜[01m[Krclcpp_lifecycle::node_interfaces::LifecycleNodeInterface::CallbackReturn ublox::GpsNode::on_active(const rclcpp_lifecycle::State&)[m[Kâ€™ marked â€˜[01m[Koverride[m[Kâ€™, but does not override
   29 |     [01;31m[Kon_active[m[K(const rclcpp_lifecycle::State& previous_state) override;
      |     [01;31m[K^~~~~~~~~[m[K
[01m[K/workspace/src/embedded_system/ublox_gps_driver/src/gps_node.cpp:8:5:[m[K [01;31m[Kerror: [m[KISO C++ forbids declaration of â€˜[01m[KGPSNode[m[Kâ€™ with no type [[01;31m[K-fpermissive[m[K]
    8 |     [01;31m[KGpsNode[m[K::GPSNode(const rclcpp::NodeOptions& options)
      |     [01;31m[K^~~~~~~[m[K
[01m[K/workspace/src/embedded_system/ublox_gps_driver/src/gps_node.cpp:8:5:[m[K [01;31m[Kerror: [m[Kno declaration matches â€˜[01m[Kint ublox::GpsNode::GPSNode(const rclcpp::NodeOptions&)[m[Kâ€™
[01m[K/workspace/src/embedded_system/ublox_gps_driver/src/gps_node.cpp:8:5:[m[K [01;36m[Knote: [m[Kno functions named â€˜[01m[Kint ublox::GpsNode::GPSNode(const rclcpp::NodeOptions&)[m[Kâ€™
In file included from [01m[K/workspace/src/embedded_system/ublox_gps_driver/src/gps_node.cpp:1[m[K:
[01m[K/workspace/src/embedded_system/ublox_gps_driver/include/ublox_gps_driver/gps_node.hpp:20:11:[m[K [01;36m[Knote: [m[Kâ€˜[01m[Kclass ublox::GpsNode[m[Kâ€™ defined here
   20 |     class [01;36m[KGpsNode[m[K : public rclcpp_lifecycle::LifecycleNode {
      |           [01;36m[K^~~~~~~[m[K
[01m[K/workspace/src/embedded_system/ublox_gps_driver/src/gps_node.cpp:21:23:[m[K [01;31m[Kerror: [m[Kdefinition of implicitly-declared â€˜[01m[Kvirtual ublox::GpsNode::~GpsNode()[m[Kâ€™
   21 |     GpsNode::~GpsNode([01;31m[K)[m[K {
      |                       [01;31m[K^[m[K
[01m[K/workspace/src/embedded_system/ublox_gps_driver/src/gps_node.cpp:[m[K In member function â€˜[01m[Kbool ublox::GpsNode::sendConfigMessage(const std::vector<unsigned char, std::allocator<unsigned char> >&)[m[Kâ€™:
[01m[K/workspace/src/embedded_system/ublox_gps_driver/src/gps_node.cpp:118:25:[m[K [01;31m[Kerror: [m[Kâ€˜[01m[Kflush_buf[m[Kâ€™ was not declared in this scope; did you mean â€˜[01m[Kflush_buffer[m[Kâ€™?
  118 |             uart_->read([01;31m[Kflush_buf[m[K, sizeof(flush_buffer));
      |                         [01;31m[K^~~~~~~~~[m[K
      |                         [32m[Kflush_buffer[m[K
[01m[K/workspace/src/embedded_system/ublox_gps_driver/src/gps_node.cpp:[m[K In member function â€˜[01m[Kbool ublox::GpsNode::configureGPS()[m[Kâ€™:
[01m[K/workspace/src/embedded_system/ublox_gps_driver/src/gps_node.cpp:137:14:[m[K [01;31m[Kerror: [m[Kâ€˜[01m[KsendConfiMessage[m[Kâ€™ was not declared in this scope; did you mean â€˜[01m[KsendConfigMessage[m[Kâ€™?
  137 |         if (![01;31m[KsendConfiMessage[m[K(cfg_msg)) {
      |              [01;31m[K^~~~~~~~~~~~~~~~[m[K
      |              [32m[KsendConfigMessage[m[K
[01m[K/workspace/src/embedded_system/ublox_gps_driver/src/gps_node.cpp:[m[K In member function â€˜[01m[Kvirtual rclcpp_lifecycle::node_interfaces::LifecycleNodeInterface::CallbackReturn ublox::GpsNode::on_configure(const rclcpp_lifecycle::State&)[m[Kâ€™:
[01m[K/workspace/src/embedded_system/ublox_gps_driver/src/gps_node.cpp:158:60:[m[K [01;31m[Kerror: [m[Kâ€˜[01m[Kmsgs[m[Kâ€™ is not a member of â€˜[01m[Ksensor_msgs[m[Kâ€™; did you mean â€˜[01m[Kmsg[m[Kâ€™?
  158 |         nav_sat_pub_ = this->create_publisher<sensor_msgs::[01;31m[Kmsgs[m[K::NavSatFix>(
      |                                                            [01;31m[K^~~~[m[K
      |                                                            [32m[Kmsg[m[K
[01m[K/workspace/src/embedded_system/ublox_gps_driver/src/gps_node.cpp:158:30:[m[K [01;31m[Kerror: [m[Kparse error in template argument list
  158 |         nav_sat_pub_ = this->[01;31m[Kcreate_publisher<sensor_msgs::msgs::NavSatFix>[m[K(
      |                              [01;31m[K^~~~~~~~~~~~~~~~~~~~~~~~~~~~~~~~~~~~~~~~~~~~~~[m[K
[01m[K/workspace/src/embedded_system/ublox_gps_driver/src/gps_node.cpp:158:76:[m[K [01;31m[Kerror: [m[Kno matching function for call to â€˜[01m[Kublox::GpsNode::create_publisher<<expression error> >(const char [4], int)[m[Kâ€™
  158 |         nav_sat_pub_ = [01;31m[Kthis->create_publisher<sensor_msgs::msgs::NavSatFix>([m[K
      |                        [01;31m[K~~~~~~~~~~~~~~~~~~~~~~~~~~~~~~~~~~~~~~~~~~~~~~~~~~~~^[m[K
  159 | [01;31m[K            "fix", 10[m[K
      |             [01;31m[K~~~~~~~~~[m[K                                                       
  160 | [01;31m[K        )[m[K;
      |         [01;31m[K~[m[K                                                                   
In file included from [01m[K/workspace/src/embedded_system/ublox_gps_driver/include/ublox_gps_driver/gps_node.hpp:4[m[K,
                 from [01m[K/workspace/src/embedded_system/ublox_gps_driver/src/gps_node.cpp:1[m[K:
[01m[K/opt/ros/humble/include/rclcpp_lifecycle/rclcpp_lifecycle/lifecycle_node.hpp:210:3:[m[K [01;36m[Knote: [m[Kcandidate: â€˜[01m[Ktemplate<class MessageT, class AllocatorT> std::shared_ptr<rclcpp_lifecycle::LifecyclePublisher<MessageT, Alloc> > rclcpp_lifecycle::LifecycleNode::create_publisher(const string&, const rclcpp::QoS&, const rclcpp::PublisherOptionsWithAllocator<AllocatorT>&)[m[Kâ€™
  210 |   [01;36m[Kcreate_publisher[m[K(
      |   [01;36m[K^~~~~~~~~~~~~~~~[m[K
[01m[K/opt/ros/humble/include/rclcpp_lifecycle/rclcpp_lifecycle/lifecycle_node.hpp:210:3:[m[K [01;36m[Knote: [m[K  template argument deduction/substitution failed:
[01m[K/workspace/src/embedded_system/ublox_gps_driver/src/gps_node.cpp:158:76:[m[K [01;31m[Kerror: [m[Ktemplate argument 1 is invalid
  158 |         nav_sat_pub_ = [01;31m[Kthis->create_publisher<sensor_msgs::msgs::NavSatFix>([m[K
      |                        [01;31m[K~~~~~~~~~~~~~~~~~~~~~~~~~~~~~~~~~~~~~~~~~~~~~~~~~~~~^[m[K
  159 | [01;31m[K            "fix", 10[m[K
      |             [01;31m[K~~~~~~~~~[m[K                                                       
  160 | [01;31m[K        )[m[K;
      |         [01;31m[K~[m[K                                                                   
[01m[K/workspace/src/embedded_system/ublox_gps_driver/src/gps_node.cpp:171:79:[m[K [01;31m[Kerror: [m[Kâ€˜[01m[Krclcpp_lifecycle::node_interfaces::LifecycleNodeInterface::CallBackReturn[m[Kâ€™ has not been declared
  171 |             return rclcpp_lifecycle::node_interfaces::LifecycleNodeInterface::[01;31m[KCallBackReturn[m[K::FAILURE;
      |                                                                               [01;31m[K^~~~~~~~~~~~~~[m[K
[01m[K/workspace/src/embedded_system/ublox_gps_driver/src/gps_node.cpp:[m[K In lambda function:
[01m[K/workspace/src/embedded_system/ublox_gps_driver/src/gps_node.cpp:189:62:[m[K [01;31m[Kerror: [m[Kexpected â€˜[01m[K{[m[Kâ€™ before â€˜[01m[K)[m[Kâ€™ token
  189 |         parser_->setNavPVTCallback([this](const NavPVT& ppvt)[01;31m[K)[m[K {
      |                                                              [01;31m[K^[m[K
[01m[K/workspace/src/embedded_system/ublox_gps_driver/src/gps_node.cpp:189:57:[m[K [01;35m[Kwarning: [m[Kunused parameter â€˜[01m[Kppvt[m[Kâ€™ [[01;35m[K-Wunused-parameter[m[K]
  189 |         parser_->setNavPVTCallback([this]([01;35m[Kconst NavPVT& ppvt[m[K)) {
      |                                           [01;35m[K~~~~~~~~~~~~~~^~~~[m[K
[01m[K/workspace/src/embedded_system/ublox_gps_driver/src/gps_node.cpp:[m[K In member function â€˜[01m[Kvirtual rclcpp_lifecycle::node_interfaces::LifecycleNodeInterface::CallbackReturn ublox::GpsNode::on_configure(const rclcpp_lifecycle::State&)[m[Kâ€™:
[01m[K/workspace/src/embedded_system/ublox_gps_driver/src/gps_node.cpp:189:63:[m[K [01;31m[Kerror: [m[Kexpected â€˜[01m[K;[m[Kâ€™ before â€˜[01m[K{[m[Kâ€™ token
  189 |         parser_->setNavPVTCallback([this](const NavPVT& ppvt))[01;31m[K [m[K[32m[K{[m[K
      |                                                               [01;31m[K^[m[K[32m[K~[m[K
      |                                                               [32m[K;[m[K
[01m[K/workspace/src/embedded_system/ublox_gps_driver/src/gps_node.cpp:[m[K At global scope:
[01m[K/workspace/src/embedded_system/ublox_gps_driver/src/gps_node.cpp:199:5:[m[K [01;31m[Kerror: [m[Kno declaration matches â€˜[01m[Krclcpp_lifecycle::node_interfaces::LifecycleNodeInterface::CallbackReturn ublox::GpsNode::on_activate(const rclcpp_lifecycle::State&)[m[Kâ€™
  199 |     [01;31m[KGpsNode[m[K::on_activate(const rclcpp_lifecycle::State& /*previous_state*/) {
      |     [01;31m[K^~~~~~~[m[K
[01m[K/workspace/src/embedded_system/ublox_gps_driver/src/gps_node.cpp:199:5:[m[K [01;36m[Knote: [m[Kno functions named â€˜[01m[Krclcpp_lifecycle::node_interfaces::LifecycleNodeInterface::CallbackReturn ublox::GpsNode::on_activate(const rclcpp_lifecycle::State&)[m[Kâ€™
In file included from [01m[K/workspace/src/embedded_system/ublox_gps_driver/src/gps_node.cpp:1[m[K:
[01m[K/workspace/src/embedded_system/ublox_gps_driver/include/ublox_gps_driver/gps_node.hpp:20:11:[m[K [01;36m[Knote: [m[Kâ€˜[01m[Kclass ublox::GpsNode[m[Kâ€™ defined here
   20 |     class [01;36m[KGpsNode[m[K : public rclcpp_lifecycle::LifecycleNode {
      |           [01;36m[K^~~~~~~[m[K
In file included from [01m[K/workspace/src/embedded_system/ublox_gps_driver/src/main.cpp:2[m[K:
[01m[K/workspace/src/embedded_system/ublox_gps_driver/include/ublox_gps_driver/gps_node.hpp:29:5:[m[K [01;31m[Kerror: [m[Kâ€˜[01m[Krclcpp_lifecycle::node_interfaces::LifecycleNodeInterface::CallbackReturn ublox::GpsNode::on_active(const rclcpp_lifecycle::State&)[m[Kâ€™ marked â€˜[01m[Koverride[m[Kâ€™, but does not override
   29 |     [01;31m[Kon_active[m[K(const rclcpp_lifecycle::State& previous_state) override;
      |     [01;31m[K^~~~~~~~~[m[K
gmake[2]: *** [CMakeFiles/gps_node.dir/build.make:90: CMakeFiles/gps_node.dir/src/main.cpp.o] Error 1
gmake[2]: *** Waiting for unfinished jobs....
gmake[2]: *** [CMakeFiles/gps_node.dir/build.make:76: CMakeFiles/gps_node.dir/src/gps_node.cpp.o] Error 1
gmake[1]: *** [CMakeFiles/Makefile2:272: CMakeFiles/gps_node.dir/all] Error 2
gmake: *** [Makefile:146: all] Error 2
