[35m[1mConsolidate compiler generated dependencies of target health_monitor[0m
[ 50%] [32mBuilding CXX object CMakeFiles/health_monitor.dir/ErrorMonitor.cpp.o[0m
[01m[K/workspace/src/vehicle_manager_system/health_monitor/ErrorMonitor.cpp:[m[K In member function â€˜[01m[Kstd::string ErrorMonitorNode::read_csv(const String&)[m[Kâ€™:
[01m[K/workspace/src/vehicle_manager_system/health_monitor/ErrorMonitor.cpp:67:33:[m[K [01;31m[Kerror: [m[Kâ€˜[01m[Ksensors[m[Kâ€™ was not declared in this scope; did you mean â€˜[01m[Ksensor[m[Kâ€™?
   67 |                     eMessage += [01;31m[Ksensors[m[K[sensor] + " #" + row[1] + ", Severity: " + row[3] + ", " + row[4];
      |                                 [01;31m[K^~~~~~~[m[K
      |                                 [32m[Ksensor[m[K
[01m[K/workspace/src/vehicle_manager_system/health_monitor/ErrorMonitor.cpp:[m[K At global scope:
[01m[K/workspace/src/vehicle_manager_system/health_monitor/ErrorMonitor.cpp:77:19:[m[K [01;31m[Kerror: [m[Kâ€˜[01m[Kconst string ErrorMonitorNode::sensors [6][m[Kâ€™ is not a static data member of â€˜[01m[Kclass ErrorMonitorNode[m[Kâ€™
   77 | const std::string [01;31m[KErrorMonitorNode[m[K::sensors[6] = {
      |                   [01;31m[K^~~~~~~~~~~~~~~~[m[K
gmake[2]: *** [CMakeFiles/health_monitor.dir/build.make:76: CMakeFiles/health_monitor.dir/ErrorMonitor.cpp.o] Error 1
gmake[1]: *** [CMakeFiles/Makefile2:137: CMakeFiles/health_monitor.dir/all] Error 2
gmake: *** [Makefile:146: all] Error 2
