[0.012s] Invoking command in '/home/noahw/programs/machpilot/src/FSMPilot/build/fsm_ros_wrapper': CMAKE_PREFIX_PATH=${CMAKE_PREFIX_PATH}:/opt/ros/humble /usr/bin/cmake --build /home/noahw/programs/machpilot/src/FSMPilot/build/fsm_ros_wrapper -- -j32 -l32
[0.068s] [35m[1mConsolidate compiler generated dependencies of target state_machine_node[0m
[0.084s] [ 10%] [32mBuilding CXX object CMakeFiles/state_machine_node.dir/src/ros_main.cpp.o[0m
[0.084s] [ 20%] [32mBuilding CXX object CMakeFiles/state_machine_node.dir/src/FSMPilot.cpp.o[0m
[0.084s] [ 30%] [32mBuilding CXX object CMakeFiles/state_machine_node.dir/src/state_machine_node.cpp.o[0m
[0.084s] [ 40%] [32mBuilding CXX object CMakeFiles/state_machine_node.dir/src/ErrorManager.cpp.o[0m
[0.085s] [ 50%] [32mBuilding CXX object CMakeFiles/state_machine_node.dir/src/FireManager.cpp.o[0m
[0.086s] [ 60%] [32mBuilding CXX object CMakeFiles/state_machine_node.dir/src/ErrorManagerList.cpp.o[0m
[1.975s] [01m[K/home/noahw/programs/machpilot/src/FSMPilot/src/ros_main.cpp:[m[K In function â€˜[01m[Kint main(int, char**)[m[Kâ€™:
[1.975s] [01m[K/home/noahw/programs/machpilot/src/FSMPilot/src/ros_main.cpp:9:5:[m[K [01;31m[Kerror: [m[Kâ€˜[01m[Koutput_node[m[Kâ€™ was not declared in this scope
[1.975s]     9 |     [01;31m[Koutput_node[m[K=node;
[1.975s]       |     [01;31m[K^~~~~~~~~~~[m[K
[2.046s] [01m[K/home/noahw/programs/machpilot/src/FSMPilot/src/state_machine_node.cpp:[m[K In constructor â€˜[01m[KStateMachineNode::StateMachineNode()[m[Kâ€™:
[2.046s] [01m[K/home/noahw/programs/machpilot/src/FSMPilot/src/state_machine_node.cpp:12:5:[m[K [01;31m[Kerror: [m[Kâ€˜[01m[KStateMachine[m[Kâ€™ has not been declared
[2.046s]    12 |     [01;31m[KStateMachine[m[K::start();
[2.046s]       |     [01;31m[K^~~~~~~~~~~~[m[K
[2.054s] [01m[K/home/noahw/programs/machpilot/src/FSMPilot/src/state_machine_node.cpp:[m[K In lambda function:
[2.054s] [01m[K/home/noahw/programs/machpilot/src/FSMPilot/src/state_machine_node.cpp:22:28:[m[K [01;31m[Kerror: [m[Kâ€˜[01m[KSUBSYSTEM_COUNT[m[Kâ€™ was not declared in this scope
[2.054s]    22 |             if (msg.data < [01;31m[KSUBSYSTEM_COUNT[m[K) {
[2.054s]       |                            [01;31m[K^~~~~~~~~~~~~~~[m[K
[2.055s] [01m[K/home/noahw/programs/machpilot/src/FSMPilot/src/state_machine_node.cpp:23:60:[m[K [01;31m[Kerror: [m[Kâ€˜[01m[KSubSystems[m[Kâ€™ does not name a type
[2.055s]    23 |                 send_event(InitializeSubsystem(static_cast<[01;31m[KSubSystems[m[K>(msg.data)));
[2.055s]       |                                                            [01;31m[K^~~~~~~~~~[m[K
[2.060s] [01m[K/home/noahw/programs/machpilot/src/FSMPilot/src/state_machine_node.cpp:23:28:[m[K [01;31m[Kerror: [m[Kâ€˜[01m[KInitializeSubsystem[m[Kâ€™ was not declared in this scope; did you mean â€˜[01m[Kinitialize_subsystem_sub_[m[Kâ€™?
[2.060s]    23 |                 send_event([01;31m[KInitializeSubsystem[m[K(static_cast<SubSystems>(msg.data)));
[2.060s]       |                            [01;31m[K^~~~~~~~~~~~~~~~~~~[m[K
[2.060s]       |                            [32m[Kinitialize_subsystem_sub_[m[K
[2.064s] [01m[K/home/noahw/programs/machpilot/src/FSMPilot/src/state_machine_node.cpp:23:17:[m[K [01;31m[Kerror: [m[Kâ€˜[01m[Ksend_event[m[Kâ€™ was not declared in this scope; did you mean â€˜[01m[Ksigevent[m[Kâ€™?
[2.064s]    23 |                 [01;31m[Ksend_event[m[K(InitializeSubsystem(static_cast<SubSystems>(msg.data)));
[2.064s]       |                 [01;31m[K^~~~~~~~~~[m[K
[2.064s]       |                 [32m[Ksigevent[m[K
[2.070s] [01m[K/home/noahw/programs/machpilot/src/FSMPilot/src/state_machine_node.cpp:[m[K In lambda function:
[2.070s] [01m[K/home/noahw/programs/machpilot/src/FSMPilot/src/state_machine_node.cpp:34:24:[m[K [01;31m[Kerror: [m[Kâ€˜[01m[KArmMotor[m[Kâ€™ was not declared in this scope
[2.070s]    34 |             send_event([01;31m[KArmMotor[m[K{});
[2.070s]       |                        [01;31m[K^~~~~~~~[m[K
[2.075s] [01m[K/home/noahw/programs/machpilot/src/FSMPilot/src/state_machine_node.cpp:34:13:[m[K [01;31m[Kerror: [m[Kâ€˜[01m[Ksend_event[m[Kâ€™ was not declared in this scope; did you mean â€˜[01m[Ksigevent[m[Kâ€™?
[2.075s]    34 |             [01;31m[Ksend_event[m[K(ArmMotor{});
[2.075s]       |             [01;31m[K^~~~~~~~~~[m[K
[2.075s]       |             [32m[Ksigevent[m[K
[2.082s] [01m[K/home/noahw/programs/machpilot/src/FSMPilot/src/state_machine_node.cpp:[m[K In lambda function:
[2.082s] [01m[K/home/noahw/programs/machpilot/src/FSMPilot/src/state_machine_node.cpp:42:24:[m[K [01;31m[Kerror: [m[Kâ€˜[01m[KManualControl[m[Kâ€™ was not declared in this scope; did you mean â€˜[01m[Kmanual_control_sub_[m[Kâ€™?
[2.082s]    42 |             send_event([01;31m[KManualControl[m[K{});
[2.082s]       |                        [01;31m[K^~~~~~~~~~~~~[m[K
[2.082s]       |                        [32m[Kmanual_control_sub_[m[K
[2.087s] [01m[K/home/noahw/programs/machpilot/src/FSMPilot/src/state_machine_node.cpp:42:13:[m[K [01;31m[Kerror: [m[Kâ€˜[01m[Ksend_event[m[Kâ€™ was not declared in this scope; did you mean â€˜[01m[Ksigevent[m[Kâ€™?
[2.087s]    42 |             [01;31m[Ksend_event[m[K(ManualControl{});
[2.087s]       |             [01;31m[K^~~~~~~~~~[m[K
[2.087s]       |             [32m[Ksigevent[m[K
[2.095s] [01m[K/home/noahw/programs/machpilot/src/FSMPilot/src/state_machine_node.cpp:[m[K In lambda function:
[2.095s] [01m[K/home/noahw/programs/machpilot/src/FSMPilot/src/state_machine_node.cpp:50:24:[m[K [01;31m[Kerror: [m[Kâ€˜[01m[KRelinquishManualControl[m[Kâ€™ was not declared in this scope; did you mean â€˜[01m[Krelinquish_manual_control_sub_[m[Kâ€™?
[2.095s]    50 |             send_event([01;31m[KRelinquishManualControl[m[K{});
[2.095s]       |                        [01;31m[K^~~~~~~~~~~~~~~~~~~~~~~[m[K
[2.095s]       |                        [32m[Krelinquish_manual_control_sub_[m[K
[2.099s] [01m[K/home/noahw/programs/machpilot/src/FSMPilot/src/state_machine_node.cpp:50:13:[m[K [01;31m[Kerror: [m[Kâ€˜[01m[Ksend_event[m[Kâ€™ was not declared in this scope; did you mean â€˜[01m[Ksigevent[m[Kâ€™?
[2.099s]    50 |             [01;31m[Ksend_event[m[K(RelinquishManualControl{});
[2.099s]       |             [01;31m[K^~~~~~~~~~[m[K
[2.099s]       |             [32m[Ksigevent[m[K
[2.103s] [01m[K/home/noahw/programs/machpilot/src/FSMPilot/src/state_machine_node.cpp:[m[K In lambda function:
[2.103s] [01m[K/home/noahw/programs/machpilot/src/FSMPilot/src/state_machine_node.cpp:58:24:[m[K [01;31m[Kerror: [m[Kâ€˜[01m[KDisarmEvent[m[Kâ€™ was not declared in this scope
[2.103s]    58 |             send_event([01;31m[KDisarmEvent[m[K{});
[2.103s]       |                        [01;31m[K^~~~~~~~~~~[m[K
[2.106s] [01m[K/home/noahw/programs/machpilot/src/FSMPilot/src/state_machine_node.cpp:58:13:[m[K [01;31m[Kerror: [m[Kâ€˜[01m[Ksend_event[m[Kâ€™ was not declared in this scope; did you mean â€˜[01m[Ksigevent[m[Kâ€™?
[2.106s]    58 |             [01;31m[Ksend_event[m[K(DisarmEvent{});
[2.106s]       |             [01;31m[K^~~~~~~~~~[m[K
[2.106s]       |             [32m[Ksigevent[m[K
[2.111s] [01m[K/home/noahw/programs/machpilot/src/FSMPilot/src/state_machine_node.cpp:[m[K In lambda function:
[2.111s] [01m[K/home/noahw/programs/machpilot/src/FSMPilot/src/state_machine_node.cpp:66:24:[m[K [01;31m[Kerror: [m[Kâ€˜[01m[KShutdownEvent[m[Kâ€™ was not declared in this scope; did you mean â€˜[01m[Kshutdown_event_sub_[m[Kâ€™?
[2.111s]    66 |             send_event([01;31m[KShutdownEvent[m[K{});
[2.111s]       |                        [01;31m[K^~~~~~~~~~~~~[m[K
[2.111s]       |                        [32m[Kshutdown_event_sub_[m[K
[2.115s] [01m[K/home/noahw/programs/machpilot/src/FSMPilot/src/state_machine_node.cpp:66:13:[m[K [01;31m[Kerror: [m[Kâ€˜[01m[Ksend_event[m[Kâ€™ was not declared in this scope; did you mean â€˜[01m[Ksigevent[m[Kâ€™?
[2.115s]    66 |             [01;31m[Ksend_event[m[K(ShutdownEvent{});
[2.115s]       |             [01;31m[K^~~~~~~~~~[m[K
[2.116s]       |             [32m[Ksigevent[m[K
[2.120s] [01m[K/home/noahw/programs/machpilot/src/FSMPilot/src/state_machine_node.cpp:[m[K In lambda function:
[2.120s] [01m[K/home/noahw/programs/machpilot/src/FSMPilot/src/state_machine_node.cpp:74:24:[m[K [01;31m[Kerror: [m[Kâ€˜[01m[KOnFireEvent[m[Kâ€™ was not declared in this scope
[2.120s]    74 |             send_event([01;31m[KOnFireEvent[m[K{});
[2.120s]       |                        [01;31m[K^~~~~~~~~~~[m[K
[2.124s] [01m[K/home/noahw/programs/machpilot/src/FSMPilot/src/state_machine_node.cpp:74:13:[m[K [01;31m[Kerror: [m[Kâ€˜[01m[Ksend_event[m[Kâ€™ was not declared in this scope; did you mean â€˜[01m[Ksigevent[m[Kâ€™?
[2.124s]    74 |             [01;31m[Ksend_event[m[K(OnFireEvent{});
[2.124s]       |             [01;31m[K^~~~~~~~~~[m[K
[2.124s]       |             [32m[Ksigevent[m[K
[2.129s] [01m[K/home/noahw/programs/machpilot/src/FSMPilot/src/state_machine_node.cpp:[m[K In lambda function:
[2.129s] [01m[K/home/noahw/programs/machpilot/src/FSMPilot/src/state_machine_node.cpp:82:24:[m[K [01;31m[Kerror: [m[Kâ€˜[01m[KFireSuppressedEvent[m[Kâ€™ was not declared in this scope; did you mean â€˜[01m[Kfire_suppressed_event_sub_[m[Kâ€™?
[2.129s]    82 |             send_event([01;31m[KFireSuppressedEvent[m[K{});
[2.129s]       |                        [01;31m[K^~~~~~~~~~~~~~~~~~~[m[K
[2.129s]       |                        [32m[Kfire_suppressed_event_sub_[m[K
[2.132s] [01m[K/home/noahw/programs/machpilot/src/FSMPilot/src/state_machine_node.cpp:82:13:[m[K [01;31m[Kerror: [m[Kâ€˜[01m[Ksend_event[m[Kâ€™ was not declared in this scope; did you mean â€˜[01m[Ksigevent[m[Kâ€™?
[2.132s]    82 |             [01;31m[Ksend_event[m[K(FireSuppressedEvent{});
[2.132s]       |             [01;31m[K^~~~~~~~~~[m[K
[2.132s]       |             [32m[Ksigevent[m[K
[2.298s] gmake[2]: *** [CMakeFiles/state_machine_node.dir/build.make:76: CMakeFiles/state_machine_node.dir/src/ros_main.cpp.o] Error 1
[2.298s] gmake[2]: *** Waiting for unfinished jobs....
[4.200s] gmake[2]: *** [CMakeFiles/state_machine_node.dir/build.make:90: CMakeFiles/state_machine_node.dir/src/state_machine_node.cpp.o] Error 1
[4.200s] gmake[1]: *** [CMakeFiles/Makefile2:137: CMakeFiles/state_machine_node.dir/all] Error 2
[4.200s] gmake: *** [Makefile:146: all] Error 2
[4.202s] Invoked command in '/home/noahw/programs/machpilot/src/FSMPilot/build/fsm_ros_wrapper' returned '2': CMAKE_PREFIX_PATH=${CMAKE_PREFIX_PATH}:/opt/ros/humble /usr/bin/cmake --build /home/noahw/programs/machpilot/src/FSMPilot/build/fsm_ros_wrapper -- -j32 -l32
