[0.010s] Invoking command in '/home/noahw/programs/machpilot/src/FSMPilot/build/fsm_ros_wrapper': CMAKE_PREFIX_PATH=${CMAKE_PREFIX_PATH}:/opt/ros/humble /usr/bin/cmake --build /home/noahw/programs/machpilot/src/FSMPilot/build/fsm_ros_wrapper -- -j32 -l32
[0.066s] [35m[1mConsolidate compiler generated dependencies of target state_machine_node[0m
[0.081s] [ 10%] [32mBuilding CXX object CMakeFiles/state_machine_node.dir/src/FSMPilot.cpp.o[0m
[1.518s] [01m[K/home/noahw/programs/machpilot/src/FSMPilot/src/FSMPilot.cpp:[m[K In member function â€˜[01m[Kvoid StateMachine::entry()[m[Kâ€™:
[1.518s] [01m[K/home/noahw/programs/machpilot/src/FSMPilot/src/FSMPilot.cpp:48:5:[m[K [01;31m[Kerror: [m[Kâ€˜[01m[Kpubish_state[m[Kâ€™ was not declared in this scope
[1.518s]    48 |     [01;31m[Kpubish_state[m[K(output_node,get_state());
[1.518s]       |     [01;31m[K^~~~~~~~~~~~[m[K
[1.760s] gmake[2]: *** [CMakeFiles/state_machine_node.dir/build.make:104: CMakeFiles/state_machine_node.dir/src/FSMPilot.cpp.o] Error 1
[1.760s] gmake[1]: *** [CMakeFiles/Makefile2:137: CMakeFiles/state_machine_node.dir/all] Error 2
[1.760s] gmake: *** [Makefile:146: all] Error 2
[1.762s] Invoked command in '/home/noahw/programs/machpilot/src/FSMPilot/build/fsm_ros_wrapper' returned '2': CMAKE_PREFIX_PATH=${CMAKE_PREFIX_PATH}:/opt/ros/humble /usr/bin/cmake --build /home/noahw/programs/machpilot/src/FSMPilot/build/fsm_ros_wrapper -- -j32 -l32
