[0.010s] Invoking command in '/home/noahw/programs/machpilot/src/FSMPilot/build/fsm_ros_wrapper': CMAKE_PREFIX_PATH=${CMAKE_PREFIX_PATH}:/opt/ros/humble /usr/bin/cmake --build /home/noahw/programs/machpilot/src/FSMPilot/build/fsm_ros_wrapper -- -j32 -l32
[0.069s] [35m[1mConsolidate compiler generated dependencies of target state_machine_node[0m
[0.084s] [ 10%] [32mBuilding CXX object CMakeFiles/state_machine_node.dir/src/ros_main.cpp.o[0m
[0.085s] [ 20%] [32mBuilding CXX object CMakeFiles/state_machine_node.dir/src/FSMPilot.cpp.o[0m
[0.085s] [ 30%] [32mBuilding CXX object CMakeFiles/state_machine_node.dir/src/state_machine_node.cpp.o[0m
[0.085s] [ 40%] [32mBuilding CXX object CMakeFiles/state_machine_node.dir/src/ErrorManager.cpp.o[0m
[0.086s] [ 50%] [32mBuilding CXX object CMakeFiles/state_machine_node.dir/src/ErrorManagerList.cpp.o[0m
[0.086s] [ 60%] [32mBuilding CXX object CMakeFiles/state_machine_node.dir/src/FireManager.cpp.o[0m
[1.681s] In file included from [01m[K/home/noahw/programs/machpilot/src/FSMPilot/include/fsm_ros_wrapper/state_machine_node.hpp:8[m[K,
[1.681s]                  from [01m[K/home/noahw/programs/machpilot/src/FSMPilot/src/ros_main.cpp:2[m[K:
[1.681s] [01m[K/home/noahw/programs/machpilot/src/FSMPilot/src/FSMPilot.hpp:19:17:[m[K [01;31m[Kerror: [m[Kâ€˜[01m[KStateMachineNode[m[Kâ€™ was not declared in this scope
[1.681s]    19 | std::shared_ptr<[01;31m[KStateMachineNode[m[K> output_node;
[1.681s]       |                 [01;31m[K^~~~~~~~~~~~~~~~[m[K
[1.681s] [01m[K/home/noahw/programs/machpilot/src/FSMPilot/src/FSMPilot.hpp:19:33:[m[K [01;31m[Kerror: [m[Ktemplate argument 1 is invalid
[1.681s]    19 | std::shared_ptr<StateMachineNode[01;31m[K>[m[K output_node;
[1.681s]       |                                 [01;31m[K^[m[K
[1.723s] In file included from [01m[K/home/noahw/programs/machpilot/src/FSMPilot/include/fsm_ros_wrapper/state_machine_node.hpp:8[m[K,
[1.723s]                  from [01m[K/home/noahw/programs/machpilot/src/FSMPilot/src/state_machine_node.cpp:1[m[K:
[1.723s] [01m[K/home/noahw/programs/machpilot/src/FSMPilot/src/FSMPilot.hpp:19:17:[m[K [01;31m[Kerror: [m[Kâ€˜[01m[KStateMachineNode[m[Kâ€™ was not declared in this scope
[1.723s]    19 | std::shared_ptr<[01;31m[KStateMachineNode[m[K> output_node;
[1.723s]       |                 [01;31m[K^~~~~~~~~~~~~~~~[m[K
[1.723s] [01m[K/home/noahw/programs/machpilot/src/FSMPilot/src/FSMPilot.hpp:19:33:[m[K [01;31m[Kerror: [m[Ktemplate argument 1 is invalid
[1.723s]    19 | std::shared_ptr<StateMachineNode[01;31m[K>[m[K output_node;
[1.723s]       |                                 [01;31m[K^[m[K
[1.726s] In file included from [01m[K/home/noahw/programs/machpilot/src/FSMPilot/src/FSMPilot.hpp:11[m[K,
[1.726s]                  from [01m[K/home/noahw/programs/machpilot/src/FSMPilot/src/ErrorManager.hpp:6[m[K,
[1.726s]                  from [01m[K/home/noahw/programs/machpilot/src/FSMPilot/src/ErrorManager.cpp:3[m[K:
[1.726s] [01m[K/home/noahw/programs/machpilot/src/FSMPilot/include/fsm_ros_wrapper/state_machine_node.hpp:28:2:[m[K [01;31m[Kerror: [m[Kexpected â€˜[01m[K;[m[Kâ€™ after class definition
[1.726s]    28 | }
[1.726s]       |  [01;31m[K^[m[K
[1.726s]       |  [32m[K;[m[K
[1.730s] In file included from [01m[K/home/noahw/programs/machpilot/src/FSMPilot/src/FSMPilot.hpp:11[m[K,
[1.730s]                  from [01m[K/home/noahw/programs/machpilot/src/FSMPilot/src/ErrorManager.hpp:6[m[K,
[1.730s]                  from [01m[K/home/noahw/programs/machpilot/src/FSMPilot/src/FireManager.hpp:1[m[K,
[1.730s]                  from [01m[K/home/noahw/programs/machpilot/src/FSMPilot/src/FireManager.cpp:1[m[K:
[1.730s] [01m[K/home/noahw/programs/machpilot/src/FSMPilot/include/fsm_ros_wrapper/state_machine_node.hpp:28:2:[m[K [01;31m[Kerror: [m[Kexpected â€˜[01m[K;[m[Kâ€™ after class definition
[1.730s]    28 | }
[1.730s]       |  [01;31m[K^[m[K
[1.730s]       |  [32m[K;[m[K
[1.732s] In file included from [01m[K/home/noahw/programs/machpilot/src/FSMPilot/src/ros_main.cpp:2[m[K:
[1.732s] [01m[K/home/noahw/programs/machpilot/src/FSMPilot/include/fsm_ros_wrapper/state_machine_node.hpp:28:2:[m[K [01;31m[Kerror: [m[Kexpected â€˜[01m[K;[m[Kâ€™ after class definition
[1.732s]    28 | }
[1.732s]       |  [01;31m[K^[m[K
[1.732s]       |  [32m[K;[m[K
[1.733s] [01m[K/home/noahw/programs/machpilot/src/FSMPilot/src/ros_main.cpp:[m[K In function â€˜[01m[Kint main(int, char**)[m[Kâ€™:
[1.733s] [01m[K/home/noahw/programs/machpilot/src/FSMPilot/src/ros_main.cpp:9:17:[m[K [01;31m[Kerror: [m[Kcannot convert â€˜[01m[Kstd::shared_ptr<StateMachineNode>[m[Kâ€™ to â€˜[01m[Kint[m[Kâ€™ in assignment
[1.733s]     9 |     output_node=[01;31m[Knode[m[K;
[1.733s]       |                 [01;31m[K^~~~[m[K
[1.734s]       |                 [01;31m[K|[m[K
[1.734s]       |                 [01;31m[Kstd::shared_ptr<StateMachineNode>[m[K
[1.751s] In file included from [01m[K/home/noahw/programs/machpilot/src/FSMPilot/src/FSMPilot.hpp:11[m[K,
[1.751s]                  from [01m[K/home/noahw/programs/machpilot/src/FSMPilot/src/ErrorManager.hpp:6[m[K,
[1.751s]                  from [01m[K/home/noahw/programs/machpilot/src/FSMPilot/src/ErrorManagerList.hpp:1[m[K,
[1.751s]                  from [01m[K/home/noahw/programs/machpilot/src/FSMPilot/src/ErrorManagerList.cpp:1[m[K:
[1.751s] [01m[K/home/noahw/programs/machpilot/src/FSMPilot/include/fsm_ros_wrapper/state_machine_node.hpp:28:2:[m[K [01;31m[Kerror: [m[Kexpected â€˜[01m[K;[m[Kâ€™ after class definition
[1.751s]    28 | }
[1.751s]       |  [01;31m[K^[m[K
[1.751s]       |  [32m[K;[m[K
[1.773s] In file included from [01m[K/home/noahw/programs/machpilot/src/FSMPilot/src/FSMPilot.hpp:11[m[K,
[1.773s]                  from [01m[K/home/noahw/programs/machpilot/src/FSMPilot/src/FSMPilot.cpp:1[m[K:
[1.773s] [01m[K/home/noahw/programs/machpilot/src/FSMPilot/include/fsm_ros_wrapper/state_machine_node.hpp:28:2:[m[K [01;31m[Kerror: [m[Kexpected â€˜[01m[K;[m[Kâ€™ after class definition
[1.773s]    28 | }
[1.773s]       |  [01;31m[K^[m[K
[1.773s]       |  [32m[K;[m[K
[1.773s] In file included from [01m[K/home/noahw/programs/machpilot/src/FSMPilot/src/state_machine_node.cpp:1[m[K:
[1.773s] [01m[K/home/noahw/programs/machpilot/src/FSMPilot/include/fsm_ros_wrapper/state_machine_node.hpp:28:2:[m[K [01;31m[Kerror: [m[Kexpected â€˜[01m[K;[m[Kâ€™ after class definition
[1.773s]    28 | }
[1.773s]       |  [01;31m[K^[m[K
[1.774s]       |  [32m[K;[m[K
[1.780s] [01m[K/home/noahw/programs/machpilot/src/FSMPilot/src/state_machine_node.cpp:86:6:[m[K [01;31m[Kerror: [m[Kno declaration matches â€˜[01m[Kvoid StateMachineNode::publish_state(FSMPilotStates)[m[Kâ€™
[1.780s]    86 | void [01;31m[KStateMachineNode[m[K::publish_state(FSMPilotStates state) {
[1.780s]       |      [01;31m[K^~~~~~~~~~~~~~~~[m[K
[1.780s] [01m[K/home/noahw/programs/machpilot/src/FSMPilot/src/state_machine_node.cpp:86:6:[m[K [01;36m[Knote: [m[Kno functions named â€˜[01m[Kvoid StateMachineNode::publish_state(FSMPilotStates)[m[Kâ€™
[1.780s] In file included from [01m[K/home/noahw/programs/machpilot/src/FSMPilot/src/state_machine_node.cpp:1[m[K:
[1.780s] [01m[K/home/noahw/programs/machpilot/src/FSMPilot/include/fsm_ros_wrapper/state_machine_node.hpp:11:7:[m[K [01;36m[Knote: [m[Kâ€˜[01m[Kclass StateMachineNode[m[Kâ€™ defined here
[1.780s]    11 | class [01;36m[KStateMachineNode[m[K : public rclcpp::Node
[1.780s]       |       [01;36m[K^~~~~~~~~~~~~~~~[m[K
[1.781s] [01m[K/home/noahw/programs/machpilot/src/FSMPilot/src/FSMPilot.cpp:[m[K In member function â€˜[01m[Kvoid StateMachine::entry()[m[Kâ€™:
[1.781s] [01m[K/home/noahw/programs/machpilot/src/FSMPilot/src/FSMPilot.cpp:48:5:[m[K [01;31m[Kerror: [m[Kâ€˜[01m[Kget_main_node[m[Kâ€™ was not declared in this scope
[1.782s]    48 |     [01;31m[Kget_main_node[m[K()->publish_state(get_state());
[1.782s]       |     [01;31m[K^~~~~~~~~~~~~[m[K
[2.001s] gmake[2]: *** [CMakeFiles/state_machine_node.dir/build.make:146: CMakeFiles/state_machine_node.dir/src/ErrorManager.cpp.o] Error 1
[2.001s] gmake[2]: *** Waiting for unfinished jobs....
[2.001s] gmake[2]: *** [CMakeFiles/state_machine_node.dir/build.make:160: CMakeFiles/state_machine_node.dir/src/FireManager.cpp.o] Error 1
[2.005s] gmake[2]: *** [CMakeFiles/state_machine_node.dir/build.make:76: CMakeFiles/state_machine_node.dir/src/ros_main.cpp.o] Error 1
[2.026s] gmake[2]: *** [CMakeFiles/state_machine_node.dir/build.make:174: CMakeFiles/state_machine_node.dir/src/ErrorManagerList.cpp.o] Error 1
[2.038s] gmake[2]: *** [CMakeFiles/state_machine_node.dir/build.make:104: CMakeFiles/state_machine_node.dir/src/FSMPilot.cpp.o] Error 1
[3.643s] gmake[2]: *** [CMakeFiles/state_machine_node.dir/build.make:90: CMakeFiles/state_machine_node.dir/src/state_machine_node.cpp.o] Error 1
[3.643s] gmake[1]: *** [CMakeFiles/Makefile2:137: CMakeFiles/state_machine_node.dir/all] Error 2
[3.643s] gmake: *** [Makefile:146: all] Error 2
[3.645s] Invoked command in '/home/noahw/programs/machpilot/src/FSMPilot/build/fsm_ros_wrapper' returned '2': CMAKE_PREFIX_PATH=${CMAKE_PREFIX_PATH}:/opt/ros/humble /usr/bin/cmake --build /home/noahw/programs/machpilot/src/FSMPilot/build/fsm_ros_wrapper -- -j32 -l32
