[0.011s] Invoking command in '/home/noahw/programs/machpilot/src/FSMPilot/build/fsm_ros_wrapper': CMAKE_PREFIX_PATH=${CMAKE_PREFIX_PATH}:/opt/ros/humble /usr/bin/cmake --build /home/noahw/programs/machpilot/src/FSMPilot/build/fsm_ros_wrapper -- -j32 -l32
[0.082s] [35m[1mConsolidate compiler generated dependencies of target state_machine_node[0m
[0.096s] [ 10%] [32mBuilding CXX object CMakeFiles/state_machine_node.dir/src/ros_main.cpp.o[0m
[0.096s] [ 20%] [32mBuilding CXX object CMakeFiles/state_machine_node.dir/src/state_machine_node.cpp.o[0m
[0.096s] [ 30%] [32mBuilding CXX object CMakeFiles/state_machine_node.dir/src/FSMPilot.cpp.o[0m
[0.097s] [ 40%] [32mBuilding CXX object CMakeFiles/state_machine_node.dir/src/FireManager.cpp.o[0m
[0.097s] [ 50%] [32mBuilding CXX object CMakeFiles/state_machine_node.dir/src/ErrorManager.cpp.o[0m
[0.097s] [ 60%] [32mBuilding CXX object CMakeFiles/state_machine_node.dir/src/ErrorManagerList.cpp.o[0m
[1.810s] In file included from [01m[K/home/noahw/programs/machpilot/src/FSMPilot/include/fsm_ros_wrapper/state_machine_node.hpp:8[m[K,
[1.810s]                  from [01m[K/home/noahw/programs/machpilot/src/FSMPilot/src/state_machine_node.cpp:1[m[K:
[1.810s] [01m[K/home/noahw/programs/machpilot/src/FSMPilot/src/FSMPilot.hpp:18:17:[m[K [01;31m[Kerror: [m[Kâ€˜[01m[KStateMachineNode[m[Kâ€™ was not declared in this scope
[1.811s]    18 | std::shared_ptr<[01;31m[KStateMachineNode[m[K> output_node;
[1.811s]       |                 [01;31m[K^~~~~~~~~~~~~~~~[m[K
[1.811s] [01m[K/home/noahw/programs/machpilot/src/FSMPilot/src/FSMPilot.hpp:18:33:[m[K [01;31m[Kerror: [m[Ktemplate argument 1 is invalid
[1.811s]    18 | std::shared_ptr<StateMachineNode[01;31m[K>[m[K output_node;
[1.811s]       |                                 [01;31m[K^[m[K
[1.811s] In file included from [01m[K/home/noahw/programs/machpilot/src/FSMPilot/include/fsm_ros_wrapper/state_machine_node.hpp:8[m[K,
[1.811s]                  from [01m[K/home/noahw/programs/machpilot/src/FSMPilot/src/ros_main.cpp:2[m[K:
[1.811s] [01m[K/home/noahw/programs/machpilot/src/FSMPilot/src/FSMPilot.hpp:18:17:[m[K [01;31m[Kerror: [m[Kâ€˜[01m[KStateMachineNode[m[Kâ€™ was not declared in this scope
[1.811s]    18 | std::shared_ptr<[01;31m[KStateMachineNode[m[K> output_node;
[1.811s]       |                 [01;31m[K^~~~~~~~~~~~~~~~[m[K
[1.811s] [01m[K/home/noahw/programs/machpilot/src/FSMPilot/src/FSMPilot.hpp:18:33:[m[K [01;31m[Kerror: [m[Ktemplate argument 1 is invalid
[1.811s]    18 | std::shared_ptr<StateMachineNode[01;31m[K>[m[K output_node;
[1.811s]       |                                 [01;31m[K^[m[K
[1.855s] In file included from [01m[K/home/noahw/programs/machpilot/src/FSMPilot/src/FSMPilot.hpp:10[m[K,
[1.855s]                  from [01m[K/home/noahw/programs/machpilot/src/FSMPilot/src/ErrorManager.hpp:6[m[K,
[1.855s]                  from [01m[K/home/noahw/programs/machpilot/src/FSMPilot/src/ErrorManager.cpp:3[m[K:
[1.855s] [01m[K/home/noahw/programs/machpilot/src/FSMPilot/include/fsm_ros_wrapper/state_machine_node.hpp:28:2:[m[K [01;31m[Kerror: [m[Kexpected â€˜[01m[K;[m[Kâ€™ after class definition
[1.855s]    28 | }
[1.855s]       |  [01;31m[K^[m[K
[1.855s]       |  [32m[K;[m[K
[1.864s] In file included from [01m[K/home/noahw/programs/machpilot/src/FSMPilot/src/ros_main.cpp:2[m[K:
[1.864s] [01m[K/home/noahw/programs/machpilot/src/FSMPilot/include/fsm_ros_wrapper/state_machine_node.hpp:28:2:[m[K [01;31m[Kerror: [m[Kexpected â€˜[01m[K;[m[Kâ€™ after class definition
[1.864s]    28 | }
[1.864s]       |  [01;31m[K^[m[K
[1.864s]       |  [32m[K;[m[K
[1.868s] In file included from [01m[K/home/noahw/programs/machpilot/src/FSMPilot/src/state_machine_node.cpp:1[m[K:
[1.868s] [01m[K/home/noahw/programs/machpilot/src/FSMPilot/include/fsm_ros_wrapper/state_machine_node.hpp:28:2:[m[K [01;31m[Kerror: [m[Kexpected â€˜[01m[K;[m[Kâ€™ after class definition
[1.868s]    28 | }
[1.868s]       |  [01;31m[K^[m[K
[1.868s]       |  [32m[K;[m[K
[1.875s] [01m[K/home/noahw/programs/machpilot/src/FSMPilot/src/state_machine_node.cpp:86:6:[m[K [01;31m[Kerror: [m[Kno declaration matches â€˜[01m[Kvoid StateMachineNode::publish_state(FSMPilotStates)[m[Kâ€™
[1.875s]    86 | void [01;31m[KStateMachineNode[m[K::publish_state(FSMPilotStates state) {
[1.875s]       |      [01;31m[K^~~~~~~~~~~~~~~~[m[K
[1.875s] [01m[K/home/noahw/programs/machpilot/src/FSMPilot/src/state_machine_node.cpp:86:6:[m[K [01;36m[Knote: [m[Kno functions named â€˜[01m[Kvoid StateMachineNode::publish_state(FSMPilotStates)[m[Kâ€™
[1.875s] In file included from [01m[K/home/noahw/programs/machpilot/src/FSMPilot/src/state_machine_node.cpp:1[m[K:
[1.875s] [01m[K/home/noahw/programs/machpilot/src/FSMPilot/include/fsm_ros_wrapper/state_machine_node.hpp:11:7:[m[K [01;36m[Knote: [m[Kâ€˜[01m[Kclass StateMachineNode[m[Kâ€™ defined here
[1.875s]    11 | class [01;36m[KStateMachineNode[m[K : public rclcpp::Node
[1.875s]       |       [01;36m[K^~~~~~~~~~~~~~~~[m[K
[1.880s] In file included from [01m[K/home/noahw/programs/machpilot/src/FSMPilot/src/FSMPilot.hpp:10[m[K,
[1.880s]                  from [01m[K/home/noahw/programs/machpilot/src/FSMPilot/src/FSMPilot.cpp:1[m[K:
[1.880s] [01m[K/home/noahw/programs/machpilot/src/FSMPilot/include/fsm_ros_wrapper/state_machine_node.hpp:28:2:[m[K [01;31m[Kerror: [m[Kexpected â€˜[01m[K;[m[Kâ€™ after class definition
[1.880s]    28 | }
[1.880s]       |  [01;31m[K^[m[K
[1.880s]       |  [32m[K;[m[K
[1.882s] In file included from [01m[K/home/noahw/programs/machpilot/src/FSMPilot/src/FSMPilot.hpp:10[m[K,
[1.882s]                  from [01m[K/home/noahw/programs/machpilot/src/FSMPilot/src/ErrorManager.hpp:6[m[K,
[1.882s]                  from [01m[K/home/noahw/programs/machpilot/src/FSMPilot/src/FireManager.hpp:1[m[K,
[1.882s]                  from [01m[K/home/noahw/programs/machpilot/src/FSMPilot/src/FireManager.cpp:1[m[K:
[1.882s] [01m[K/home/noahw/programs/machpilot/src/FSMPilot/include/fsm_ros_wrapper/state_machine_node.hpp:28:2:[m[K [01;31m[Kerror: [m[Kexpected â€˜[01m[K;[m[Kâ€™ after class definition
[1.882s]    28 | }
[1.882s]       |  [01;31m[K^[m[K
[1.882s]       |  [32m[K;[m[K
[1.882s] In file included from [01m[K/home/noahw/programs/machpilot/src/FSMPilot/src/FSMPilot.hpp:10[m[K,
[1.882s]                  from [01m[K/home/noahw/programs/machpilot/src/FSMPilot/src/ErrorManager.hpp:6[m[K,
[1.882s]                  from [01m[K/home/noahw/programs/machpilot/src/FSMPilot/src/ErrorManagerList.hpp:1[m[K,
[1.882s]                  from [01m[K/home/noahw/programs/machpilot/src/FSMPilot/src/ErrorManagerList.cpp:1[m[K:
[1.882s] [01m[K/home/noahw/programs/machpilot/src/FSMPilot/include/fsm_ros_wrapper/state_machine_node.hpp:28:2:[m[K [01;31m[Kerror: [m[Kexpected â€˜[01m[K;[m[Kâ€™ after class definition
[1.882s]    28 | }
[1.882s]       |  [01;31m[K^[m[K
[1.882s]       |  [32m[K;[m[K
[1.890s] [01m[K/home/noahw/programs/machpilot/src/FSMPilot/src/FSMPilot.cpp:[m[K In member function â€˜[01m[Kvoid StateMachine::entry()[m[Kâ€™:
[1.890s] [01m[K/home/noahw/programs/machpilot/src/FSMPilot/src/FSMPilot.cpp:48:5:[m[K [01;31m[Kerror: [m[Kâ€˜[01m[Kget_main_node[m[Kâ€™ was not declared in this scope
[1.890s]    48 |     [01;31m[Kget_main_node[m[K()->publish_state(get_state());
[1.890s]       |     [01;31m[K^~~~~~~~~~~~~[m[K
[2.123s] gmake[2]: *** [CMakeFiles/state_machine_node.dir/build.make:146: CMakeFiles/state_machine_node.dir/src/ErrorManager.cpp.o] Error 1
[2.123s] gmake[2]: *** Waiting for unfinished jobs....
[2.141s] gmake[2]: *** [CMakeFiles/state_machine_node.dir/build.make:76: CMakeFiles/state_machine_node.dir/src/ros_main.cpp.o] Error 1
[2.150s] gmake[2]: *** [CMakeFiles/state_machine_node.dir/build.make:160: CMakeFiles/state_machine_node.dir/src/FireManager.cpp.o] Error 1
[2.151s] gmake[2]: *** [CMakeFiles/state_machine_node.dir/build.make:174: CMakeFiles/state_machine_node.dir/src/ErrorManagerList.cpp.o] Error 1
[2.159s] gmake[2]: *** [CMakeFiles/state_machine_node.dir/build.make:104: CMakeFiles/state_machine_node.dir/src/FSMPilot.cpp.o] Error 1
[3.819s] gmake[2]: *** [CMakeFiles/state_machine_node.dir/build.make:90: CMakeFiles/state_machine_node.dir/src/state_machine_node.cpp.o] Error 1
[3.820s] gmake[1]: *** [CMakeFiles/Makefile2:137: CMakeFiles/state_machine_node.dir/all] Error 2
[3.820s] gmake: *** [Makefile:146: all] Error 2
[3.823s] Invoked command in '/home/noahw/programs/machpilot/src/FSMPilot/build/fsm_ros_wrapper' returned '2': CMAKE_PREFIX_PATH=${CMAKE_PREFIX_PATH}:/opt/ros/humble /usr/bin/cmake --build /home/noahw/programs/machpilot/src/FSMPilot/build/fsm_ros_wrapper -- -j32 -l32
