[0.012s] Invoking command in '/workspace/src/build/health_monitor': CMAKE_PREFIX_PATH=/opt/ros/humble /usr/bin/cmake /workspace/src/vehicle_manager_system/health_monitor -DCMAKE_INSTALL_PREFIX=/workspace/src/install/health_monitor
[0.059s] -- The C compiler identification is GNU 11.4.0
[0.101s] -- The CXX compiler identification is GNU 11.4.0
[0.105s] -- Detecting C compiler ABI info
[0.159s] -- Detecting C compiler ABI info - done
[0.166s] -- Check for working C compiler: /usr/bin/cc - skipped
[0.166s] -- Detecting C compile features
[0.167s] -- Detecting C compile features - done
[0.170s] -- Detecting CXX compiler ABI info
[0.231s] -- Detecting CXX compiler ABI info - done
[0.236s] -- Check for working CXX compiler: /usr/bin/c++ - skipped
[0.236s] -- Detecting CXX compile features
[0.236s] -- Detecting CXX compile features - done
[0.238s] -- Found ament_cmake: 1.3.12 (/opt/ros/humble/share/ament_cmake/cmake)
[0.326s] -- Found Python3: /usr/bin/python3 (found version "3.10.12") found components: Interpreter 
[0.382s] -- Found rclcpp: 16.0.17 (/opt/ros/humble/share/rclcpp/cmake)
[0.403s] -- Found rosidl_generator_c: 3.1.8 (/opt/ros/humble/share/rosidl_generator_c/cmake)
[0.406s] -- Found rosidl_adapter: 3.1.8 (/opt/ros/humble/share/rosidl_adapter/cmake)
[0.411s] -- Found rosidl_generator_cpp: 3.1.8 (/opt/ros/humble/share/rosidl_generator_cpp/cmake)
[0.419s] -- Using all available rosidl_typesupport_c: rosidl_typesupport_fastrtps_c;rosidl_typesupport_introspection_c
[0.428s] -- Using all available rosidl_typesupport_cpp: rosidl_typesupport_fastrtps_cpp;rosidl_typesupport_introspection_cpp
[0.454s] -- Found rmw_implementation_cmake: 6.1.2 (/opt/ros/humble/share/rmw_implementation_cmake/cmake)
[0.455s] -- Found rmw_fastrtps_cpp: 6.2.9 (/opt/ros/humble/share/rmw_fastrtps_cpp/cmake)
[0.511s] -- Found OpenSSL: /usr/lib/x86_64-linux-gnu/libcrypto.so (found version "3.0.2")  
[0.522s] -- Found FastRTPS: /opt/ros/humble/include  
[0.543s] -- Using RMW implementation 'rmw_fastrtps_cpp' as default
[0.548s] -- Looking for pthread.h
[0.598s] -- Looking for pthread.h - found
[0.598s] -- Performing Test CMAKE_HAVE_LIBC_PTHREAD
[0.664s] -- Performing Test CMAKE_HAVE_LIBC_PTHREAD - Success
[0.665s] -- Found Threads: TRUE  
[0.712s] -- Found rclcpp_action: 16.0.17 (/opt/ros/humble/share/rclcpp_action/cmake)
[0.739s] -- Found rosidl_default_generators: 1.2.0 (/opt/ros/humble/share/rosidl_default_generators/cmake)
[0.745s] -- Found rclcpp_lifecycle: 16.0.17 (/opt/ros/humble/share/rclcpp_lifecycle/cmake)
[0.760s] -- Found ament_lint_auto: 0.12.14 (/opt/ros/humble/share/ament_lint_auto/cmake)
[0.831s] -- Added test 'cppcheck' to perform static code analysis on C / C++ code
[0.831s] -- Configured cppcheck include dirs: $<BUILD_INTERFACE:/workspace/src/vehicle_manager_system/health_monitor/include/health_monitor>;$<BUILD_INTERFACE:/workspace/src/vehicle_manager_system/health_monitor/../dependencies/include>
[0.831s] -- Configured cppcheck exclude dirs and/or files: 
[0.832s] -- Added test 'cpplint' to check C / C++ code against the Google style
[0.832s] -- Configured cpplint exclude dirs and/or files: 
[0.832s] -- Added test 'lint_cmake' to check CMake code style
[0.833s] -- Added test 'uncrustify' to check C / C++ code style
[0.833s] -- Configured uncrustify additional arguments: 
[0.834s] -- Added test 'xmllint' to check XML markup files
[0.836s] -- Configuring done
[0.853s] -- Generating done
[0.859s] -- Build files have been written to: /workspace/src/build/health_monitor
[0.868s] Invoked command in '/workspace/src/build/health_monitor' returned '0': CMAKE_PREFIX_PATH=/opt/ros/humble /usr/bin/cmake /workspace/src/vehicle_manager_system/health_monitor -DCMAKE_INSTALL_PREFIX=/workspace/src/install/health_monitor
[0.870s] Invoking command in '/workspace/src/build/health_monitor': CMAKE_PREFIX_PATH=/opt/ros/humble /usr/bin/cmake --build /workspace/src/build/health_monitor -- -j12 -l12
[0.925s] [ 50%] [32mBuilding CXX object CMakeFiles/health_monitor.dir/ErrorMonitor.cpp.o[0m
[2.605s] [01m[K/workspace/src/vehicle_manager_system/health_monitor/ErrorMonitor.cpp:31:27:[m[K [01;31m[Kerror: [m[Kextra qualification â€˜[01m[KErrorMonitorNode::[m[Kâ€™ on member â€˜[01m[Ksensors[m[Kâ€™ [[01;31m[K-fpermissive[m[K]
[2.605s]    31 |         const std::string [01;31m[KErrorMonitorNode[m[K::sensors[6] = {
[2.605s]       |                           [01;31m[K^~~~~~~~~~~~~~~~[m[K
[4.483s] gmake[2]: *** [CMakeFiles/health_monitor.dir/build.make:76: CMakeFiles/health_monitor.dir/ErrorMonitor.cpp.o] Error 1
[4.485s] gmake[1]: *** [CMakeFiles/Makefile2:137: CMakeFiles/health_monitor.dir/all] Error 2
[4.486s] gmake: *** [Makefile:146: all] Error 2
[4.493s] Invoked command in '/workspace/src/build/health_monitor' returned '2': CMAKE_PREFIX_PATH=/opt/ros/humble /usr/bin/cmake --build /workspace/src/build/health_monitor -- -j12 -l12
